<?xml version="1.0" encoding="UTF-8"?>
<robot generator="Robot 5.0.1 (Python 3.8.10 on linux)" generated="20220923 16:32:52.269" rpa="false" schemaversion="3">
<suite id="s1" name="Secondproject" source="/home/lim/qa_finalproject/AutomationOnAccountClosing/secondproject.robot">
<test id="s1-t1" name="Login To Deriv App" line="60">
<kw name="Open Browser" library="SeleniumLibrary">
<arg>${AppURL}</arg>
<arg>Chrome</arg>
<doc>Opens a new browser instance to the optional ``url``.</doc>
<msg timestamp="20220923 16:32:52.351" level="INFO">Opening browser 'Chrome' to base url 'https://app.deriv.com/account/closing-account'.</msg>
<status status="PASS" starttime="20220923 16:32:52.350" endtime="20220923 16:32:56.378"/>
</kw>
<kw name="Maximize Browser Window" library="SeleniumLibrary">
<doc>Maximizes current browser window.</doc>
<status status="PASS" starttime="20220923 16:32:56.378" endtime="20220923 16:32:56.484"/>
</kw>
<kw name="Sleep" library="BuiltIn">
<arg>1</arg>
<doc>Pauses the test executed for the given time.</doc>
<msg timestamp="20220923 16:32:57.485" level="INFO">Slept 1 second</msg>
<status status="PASS" starttime="20220923 16:32:56.485" endtime="20220923 16:32:57.486"/>
</kw>
<kw name="Wait Until Page Contains Element" library="SeleniumLibrary">
<arg>${inputEmail}</arg>
<arg>60</arg>
<doc>Waits until the element ``locator`` appears on the current page.</doc>
<status status="PASS" starttime="20220923 16:32:57.486" endtime="20220923 16:32:59.451"/>
</kw>
<kw name="Input Text" library="SeleniumLibrary">
<arg>${inputEmail}</arg>
<arg>sheng.yuan@besquare.com.my</arg>
<doc>Types the given ``text`` into the text field identified by ``locator``.</doc>
<msg timestamp="20220923 16:32:59.451" level="INFO">Typing text 'sheng.yuan@besquare.com.my' into text field '//input[@type='email']'.</msg>
<status status="PASS" starttime="20220923 16:32:59.451" endtime="20220923 16:32:59.509"/>
</kw>
<kw name="Input Text" library="SeleniumLibrary">
<arg>${inputPassword}</arg>
<arg>Lsy@1103</arg>
<doc>Types the given ``text`` into the text field identified by ``locator``.</doc>
<msg timestamp="20220923 16:32:59.510" level="INFO">Typing text 'Lsy@1103' into text field '//input[@type='password']'.</msg>
<status status="PASS" starttime="20220923 16:32:59.510" endtime="20220923 16:32:59.563"/>
</kw>
<kw name="Click Element" library="SeleniumLibrary">
<arg>${submitButton}</arg>
<doc>Click the element identified by ``locator``.</doc>
<msg timestamp="20220923 16:32:59.564" level="INFO">Clicking element '//button[@type='submit']'.</msg>
<status status="PASS" starttime="20220923 16:32:59.564" endtime="20220923 16:33:01.961"/>
</kw>
<status status="PASS" starttime="20220923 16:32:52.350" endtime="20220923 16:33:01.961"/>
</test>
<test id="s1-t2" name="Wait Settings Page To Load" line="69">
<kw name="Wait Until Page Does Not Contain Element" library="SeleniumLibrary">
<arg>${accountLoader}</arg>
<arg>60</arg>
<doc>Waits until the element ``locator`` disappears from the current page.</doc>
<status status="PASS" starttime="20220923 16:33:01.963" endtime="20220923 16:33:01.991"/>
</kw>
<kw name="Wait Until Page Contains Element" library="SeleniumLibrary">
<arg>${pageOverlay}</arg>
<arg>60</arg>
<doc>Waits until the element ``locator`` appears on the current page.</doc>
<status status="PASS" starttime="20220923 16:33:01.991" endtime="20220923 16:33:16.472"/>
</kw>
<status status="PASS" starttime="20220923 16:33:01.962" endtime="20220923 16:33:16.472"/>
</test>
<test id="s1-t3" name="Check Confirmation Page" line="73">
<kw name="Wait Until Page Contains Element" library="SeleniumLibrary">
<arg>${pageContentOverlay}</arg>
<arg>60</arg>
<doc>Waits until the element ``locator`` appears on the current page.</doc>
<status status="PASS" starttime="20220923 16:33:16.475" endtime="20220923 16:33:16.489"/>
</kw>
<kw name="Page Should Contain Link" library="SeleniumLibrary">
<arg>${tncDocuments}</arg>
<doc>Verifies link identified by ``locator`` is found from current page.</doc>
<msg timestamp="20220923 16:33:16.504" level="INFO">Current page contains link '//a[@class='link']'.</msg>
<status status="PASS" starttime="20220923 16:33:16.490" endtime="20220923 16:33:16.504"/>
</kw>
<kw name="Wait Until Element Is Visible" library="SeleniumLibrary">
<arg>${cancelButton}</arg>
<arg>60</arg>
<doc>Waits until the element ``locator`` is visible.</doc>
<status status="PASS" starttime="20220923 16:33:16.504" endtime="20220923 16:33:16.525"/>
</kw>
<kw name="Wait Until Element Is Enabled" library="SeleniumLibrary">
<arg>${cancelButton}</arg>
<arg>60</arg>
<doc>Waits until the element ``locator`` is enabled.</doc>
<status status="PASS" starttime="20220923 16:33:16.526" endtime="20220923 16:33:16.549"/>
</kw>
<kw name="Wait Until Element Is Visible" library="SeleniumLibrary">
<arg>${closeMyAccountButton}</arg>
<arg>60</arg>
<doc>Waits until the element ``locator`` is visible.</doc>
<status status="PASS" starttime="20220923 16:33:16.549" endtime="20220923 16:33:16.569"/>
</kw>
<kw name="Wait Until Element Is Enabled" library="SeleniumLibrary">
<arg>${closeMyAccountButton}</arg>
<arg>60</arg>
<doc>Waits until the element ``locator`` is enabled.</doc>
<status status="PASS" starttime="20220923 16:33:16.569" endtime="20220923 16:33:16.594"/>
</kw>
<kw name="Click Element" library="SeleniumLibrary">
<arg>${closeMyAccountButton}</arg>
<doc>Click the element identified by ``locator``.</doc>
<msg timestamp="20220923 16:33:16.595" level="INFO">Clicking element '//button[@class='dc-btn dc-btn--primary dc-btn__large closing-account__button--close-account']'.</msg>
<status status="PASS" starttime="20220923 16:33:16.595" endtime="20220923 16:33:16.650"/>
</kw>
<status status="PASS" starttime="20220923 16:33:16.474" endtime="20220923 16:33:16.650"/>
</test>
<test id="s1-t4" name="Back To Confirmation Page" line="82">
<kw name="Wait Until Page Does Not Contain Element" library="SeleniumLibrary">
<arg>${accountLoader}</arg>
<arg>60</arg>
<doc>Waits until the element ``locator`` disappears from the current page.</doc>
<status status="PASS" starttime="20220923 16:33:16.651" endtime="20220923 16:33:18.780"/>
</kw>
<kw name="Wait Until Page Contains Element" library="SeleniumLibrary">
<arg>${pageContentOverlay}</arg>
<arg>60</arg>
<doc>Waits until the element ``locator`` appears on the current page.</doc>
<status status="PASS" starttime="20220923 16:33:18.781" endtime="20220923 16:33:18.793"/>
</kw>
<kw name="Wait Until Element Is Visible" library="SeleniumLibrary">
<arg>${pageContentOverlay}</arg>
<arg>60</arg>
<doc>Waits until the element ``locator`` is visible.</doc>
<status status="PASS" starttime="20220923 16:33:18.794" endtime="20220923 16:33:18.814"/>
</kw>
<kw name="Element Should Be Enabled" library="SeleniumLibrary">
<arg>${backButton}</arg>
<doc>Verifies that element identified by ``locator`` is enabled.</doc>
<status status="PASS" starttime="20220923 16:33:18.814" endtime="20220923 16:33:18.846"/>
</kw>
<kw name="Click Element" library="SeleniumLibrary">
<arg>${backButton}</arg>
<doc>Click the element identified by ``locator``.</doc>
<msg timestamp="20220923 16:33:18.847" level="INFO">Clicking element '//div[@class='closing-account-reasons__footer']//button[@class='dc-btn dc-btn__effect dc-btn--secondary dc-btn__large']'.</msg>
<status status="PASS" starttime="20220923 16:33:18.846" endtime="20220923 16:33:18.907"/>
</kw>
<status status="PASS" starttime="20220923 16:33:16.650" endtime="20220923 16:33:18.908"/>
</test>
<test id="s1-t5" name="Go To Close My Account Page" line="89">
<kw name="Wait Until Page Contains Element" library="SeleniumLibrary">
<arg>${pageContentOverlay}</arg>
<arg>60</arg>
<doc>Waits until the element ``locator`` appears on the current page.</doc>
<status status="PASS" starttime="20220923 16:33:18.910" endtime="20220923 16:33:18.927"/>
</kw>
<kw name="Page Should Contain Link" library="SeleniumLibrary">
<arg>${tncDocuments}</arg>
<doc>Verifies link identified by ``locator`` is found from current page.</doc>
<msg timestamp="20220923 16:33:18.936" level="INFO">Current page contains link '//a[@class='link']'.</msg>
<status status="PASS" starttime="20220923 16:33:18.927" endtime="20220923 16:33:18.937"/>
</kw>
<kw name="Wait Until Element Is Visible" library="SeleniumLibrary">
<arg>${cancelButton}</arg>
<arg>60</arg>
<doc>Waits until the element ``locator`` is visible.</doc>
<status status="PASS" starttime="20220923 16:33:18.937" endtime="20220923 16:33:18.964"/>
</kw>
<kw name="Wait Until Element Is Enabled" library="SeleniumLibrary">
<arg>${cancelButton}</arg>
<arg>60</arg>
<doc>Waits until the element ``locator`` is enabled.</doc>
<status status="PASS" starttime="20220923 16:33:18.965" endtime="20220923 16:33:18.981"/>
</kw>
<kw name="Wait Until Element Is Visible" library="SeleniumLibrary">
<arg>${closeMyAccountButton}</arg>
<arg>60</arg>
<doc>Waits until the element ``locator`` is visible.</doc>
<status status="PASS" starttime="20220923 16:33:18.981" endtime="20220923 16:33:18.993"/>
</kw>
<kw name="Wait Until Element Is Enabled" library="SeleniumLibrary">
<arg>${closeMyAccountButton}</arg>
<arg>60</arg>
<doc>Waits until the element ``locator`` is enabled.</doc>
<status status="PASS" starttime="20220923 16:33:18.993" endtime="20220923 16:33:19.014"/>
</kw>
<kw name="Click Element" library="SeleniumLibrary">
<arg>${closeMyAccountButton}</arg>
<doc>Click the element identified by ``locator``.</doc>
<msg timestamp="20220923 16:33:19.015" level="INFO">Clicking element '//button[@class='dc-btn dc-btn--primary dc-btn__large closing-account__button--close-account']'.</msg>
<status status="PASS" starttime="20220923 16:33:19.015" endtime="20220923 16:33:19.055"/>
</kw>
<status status="PASS" starttime="20220923 16:33:18.909" endtime="20220923 16:33:19.055"/>
</test>
<test id="s1-t6" name="Verify Close My Account Page" line="98">
<kw name="Wait Until Page Contains Element" library="SeleniumLibrary">
<arg>${pageContentOverlay}</arg>
<arg>60</arg>
<doc>Waits until the element ``locator`` appears on the current page.</doc>
<status status="PASS" starttime="20220923 16:33:19.056" endtime="20220923 16:33:19.064"/>
</kw>
<kw name="Wait Until Element Is Visible" library="SeleniumLibrary">
<arg>${pageContentOverlay}</arg>
<arg>60</arg>
<doc>Waits until the element ``locator`` is visible.</doc>
<status status="PASS" starttime="20220923 16:33:19.064" endtime="20220923 16:33:19.075"/>
</kw>
<kw name="Element Should Be Enabled" library="SeleniumLibrary">
<arg>${backButton}</arg>
<doc>Verifies that element identified by ``locator`` is enabled.</doc>
<status status="PASS" starttime="20220923 16:33:19.075" endtime="20220923 16:33:19.099"/>
</kw>
<kw name="Element Should Be Disabled" library="SeleniumLibrary">
<arg>${continueButton}</arg>
<doc>Verifies that element identified by ``locator`` is disabled.</doc>
<status status="PASS" starttime="20220923 16:33:19.099" endtime="20220923 16:33:19.119"/>
</kw>
<for flavor="IN">
<var>${reason}</var>
<value>@{closeAccReason}</value>
<iter>
<var name="${reason}">financial-priorities</var>
<kw name="Click Element" library="SeleniumLibrary">
<arg>//input[@name='${reason}']//parent::label</arg>
<doc>Click the element identified by ``locator``.</doc>
<msg timestamp="20220923 16:33:19.120" level="INFO">Clicking element '//input[@name='financial-priorities']//parent::label'.</msg>
<status status="PASS" starttime="20220923 16:33:19.119" endtime="20220923 16:33:19.188"/>
</kw>
<kw name="Wait Until Page Contains Element" library="SeleniumLibrary">
<arg>//input[@name='${reason}' and @value='true']//parent::label</arg>
<doc>Waits until the element ``locator`` appears on the current page.</doc>
<status status="PASS" starttime="20220923 16:33:19.189" endtime="20220923 16:33:19.201"/>
</kw>
<kw name="Checkbox Should Be Selected" library="SeleniumLibrary">
<arg>//input[@name='${reason}']</arg>
<doc>Verifies checkbox ``locator`` is selected/checked.</doc>
<msg timestamp="20220923 16:33:19.201" level="INFO">Verifying checkbox '//input[@name='financial-priorities']' is selected.</msg>
<status status="PASS" starttime="20220923 16:33:19.201" endtime="20220923 16:33:19.233"/>
</kw>
<kw name="Click Element" library="SeleniumLibrary">
<arg>//input[@name='${reason}']//parent::label</arg>
<doc>Click the element identified by ``locator``.</doc>
<msg timestamp="20220923 16:33:19.234" level="INFO">Clicking element '//input[@name='financial-priorities']//parent::label'.</msg>
<status status="PASS" starttime="20220923 16:33:19.234" endtime="20220923 16:33:19.272"/>
</kw>
<kw name="Element Should Be Visible" library="SeleniumLibrary">
<arg>${selectionError}</arg>
<doc>Verifies that the element identified by ``locator`` is visible.</doc>
<msg timestamp="20220923 16:33:19.289" level="INFO">Element '//p[@class='dc-text closing-account-reasons__error']' is displayed.</msg>
<status status="PASS" starttime="20220923 16:33:19.272" endtime="20220923 16:33:19.289"/>
</kw>
<kw name="Wait Until Page Contains Element" library="SeleniumLibrary">
<arg>//input[@name='${reason}' and @value='false']//parent::label</arg>
<doc>Waits until the element ``locator`` appears on the current page.</doc>
<status status="PASS" starttime="20220923 16:33:19.290" endtime="20220923 16:33:19.304"/>
</kw>
<kw name="Checkbox Should Not Be Selected" library="SeleniumLibrary">
<arg>//input[@name='${reason}']</arg>
<doc>Verifies checkbox ``locator`` is not selected/checked.</doc>
<msg timestamp="20220923 16:33:19.305" level="INFO">Verifying checkbox '//input[@name='financial-priorities']' is not selected.</msg>
<status status="PASS" starttime="20220923 16:33:19.304" endtime="20220923 16:33:19.321"/>
</kw>
<status status="PASS" starttime="20220923 16:33:19.119" endtime="20220923 16:33:19.321"/>
</iter>
<iter>
<var name="${reason}">stop-trading</var>
<kw name="Click Element" library="SeleniumLibrary">
<arg>//input[@name='${reason}']//parent::label</arg>
<doc>Click the element identified by ``locator``.</doc>
<msg timestamp="20220923 16:33:19.322" level="INFO">Clicking element '//input[@name='stop-trading']//parent::label'.</msg>
<status status="PASS" starttime="20220923 16:33:19.321" endtime="20220923 16:33:19.358"/>
</kw>
<kw name="Wait Until Page Contains Element" library="SeleniumLibrary">
<arg>//input[@name='${reason}' and @value='true']//parent::label</arg>
<doc>Waits until the element ``locator`` appears on the current page.</doc>
<status status="PASS" starttime="20220923 16:33:19.358" endtime="20220923 16:33:19.367"/>
</kw>
<kw name="Checkbox Should Be Selected" library="SeleniumLibrary">
<arg>//input[@name='${reason}']</arg>
<doc>Verifies checkbox ``locator`` is selected/checked.</doc>
<msg timestamp="20220923 16:33:19.368" level="INFO">Verifying checkbox '//input[@name='stop-trading']' is selected.</msg>
<status status="PASS" starttime="20220923 16:33:19.368" endtime="20220923 16:33:19.389"/>
</kw>
<kw name="Click Element" library="SeleniumLibrary">
<arg>//input[@name='${reason}']//parent::label</arg>
<doc>Click the element identified by ``locator``.</doc>
<msg timestamp="20220923 16:33:19.390" level="INFO">Clicking element '//input[@name='stop-trading']//parent::label'.</msg>
<status status="PASS" starttime="20220923 16:33:19.389" endtime="20220923 16:33:19.425"/>
</kw>
<kw name="Element Should Be Visible" library="SeleniumLibrary">
<arg>${selectionError}</arg>
<doc>Verifies that the element identified by ``locator`` is visible.</doc>
<msg timestamp="20220923 16:33:19.440" level="INFO">Element '//p[@class='dc-text closing-account-reasons__error']' is displayed.</msg>
<status status="PASS" starttime="20220923 16:33:19.425" endtime="20220923 16:33:19.440"/>
</kw>
<kw name="Wait Until Page Contains Element" library="SeleniumLibrary">
<arg>//input[@name='${reason}' and @value='false']//parent::label</arg>
<doc>Waits until the element ``locator`` appears on the current page.</doc>
<status status="PASS" starttime="20220923 16:33:19.440" endtime="20220923 16:33:19.450"/>
</kw>
<kw name="Checkbox Should Not Be Selected" library="SeleniumLibrary">
<arg>//input[@name='${reason}']</arg>
<doc>Verifies checkbox ``locator`` is not selected/checked.</doc>
<msg timestamp="20220923 16:33:19.450" level="INFO">Verifying checkbox '//input[@name='stop-trading']' is not selected.</msg>
<status status="PASS" starttime="20220923 16:33:19.450" endtime="20220923 16:33:19.465"/>
</kw>
<status status="PASS" starttime="20220923 16:33:19.321" endtime="20220923 16:33:19.465"/>
</iter>
<iter>
<var name="${reason}">not-interested</var>
<kw name="Click Element" library="SeleniumLibrary">
<arg>//input[@name='${reason}']//parent::label</arg>
<doc>Click the element identified by ``locator``.</doc>
<msg timestamp="20220923 16:33:19.465" level="INFO">Clicking element '//input[@name='not-interested']//parent::label'.</msg>
<status status="PASS" starttime="20220923 16:33:19.465" endtime="20220923 16:33:19.499"/>
</kw>
<kw name="Wait Until Page Contains Element" library="SeleniumLibrary">
<arg>//input[@name='${reason}' and @value='true']//parent::label</arg>
<doc>Waits until the element ``locator`` appears on the current page.</doc>
<status status="PASS" starttime="20220923 16:33:19.499" endtime="20220923 16:33:19.507"/>
</kw>
<kw name="Checkbox Should Be Selected" library="SeleniumLibrary">
<arg>//input[@name='${reason}']</arg>
<doc>Verifies checkbox ``locator`` is selected/checked.</doc>
<msg timestamp="20220923 16:33:19.508" level="INFO">Verifying checkbox '//input[@name='not-interested']' is selected.</msg>
<status status="PASS" starttime="20220923 16:33:19.507" endtime="20220923 16:33:19.535"/>
</kw>
<kw name="Click Element" library="SeleniumLibrary">
<arg>//input[@name='${reason}']//parent::label</arg>
<doc>Click the element identified by ``locator``.</doc>
<msg timestamp="20220923 16:33:19.536" level="INFO">Clicking element '//input[@name='not-interested']//parent::label'.</msg>
<status status="PASS" starttime="20220923 16:33:19.535" endtime="20220923 16:33:19.565"/>
</kw>
<kw name="Element Should Be Visible" library="SeleniumLibrary">
<arg>${selectionError}</arg>
<doc>Verifies that the element identified by ``locator`` is visible.</doc>
<msg timestamp="20220923 16:33:19.580" level="INFO">Element '//p[@class='dc-text closing-account-reasons__error']' is displayed.</msg>
<status status="PASS" starttime="20220923 16:33:19.565" endtime="20220923 16:33:19.580"/>
</kw>
<kw name="Wait Until Page Contains Element" library="SeleniumLibrary">
<arg>//input[@name='${reason}' and @value='false']//parent::label</arg>
<doc>Waits until the element ``locator`` appears on the current page.</doc>
<status status="PASS" starttime="20220923 16:33:19.580" endtime="20220923 16:33:19.589"/>
</kw>
<kw name="Checkbox Should Not Be Selected" library="SeleniumLibrary">
<arg>//input[@name='${reason}']</arg>
<doc>Verifies checkbox ``locator`` is not selected/checked.</doc>
<msg timestamp="20220923 16:33:19.590" level="INFO">Verifying checkbox '//input[@name='not-interested']' is not selected.</msg>
<status status="PASS" starttime="20220923 16:33:19.590" endtime="20220923 16:33:19.604"/>
</kw>
<status status="PASS" starttime="20220923 16:33:19.465" endtime="20220923 16:33:19.604"/>
</iter>
<iter>
<var name="${reason}">another-website</var>
<kw name="Click Element" library="SeleniumLibrary">
<arg>//input[@name='${reason}']//parent::label</arg>
<doc>Click the element identified by ``locator``.</doc>
<msg timestamp="20220923 16:33:19.604" level="INFO">Clicking element '//input[@name='another-website']//parent::label'.</msg>
<status status="PASS" starttime="20220923 16:33:19.604" endtime="20220923 16:33:19.642"/>
</kw>
<kw name="Wait Until Page Contains Element" library="SeleniumLibrary">
<arg>//input[@name='${reason}' and @value='true']//parent::label</arg>
<doc>Waits until the element ``locator`` appears on the current page.</doc>
<status status="PASS" starttime="20220923 16:33:19.643" endtime="20220923 16:33:19.653"/>
</kw>
<kw name="Checkbox Should Be Selected" library="SeleniumLibrary">
<arg>//input[@name='${reason}']</arg>
<doc>Verifies checkbox ``locator`` is selected/checked.</doc>
<msg timestamp="20220923 16:33:19.653" level="INFO">Verifying checkbox '//input[@name='another-website']' is selected.</msg>
<status status="PASS" starttime="20220923 16:33:19.653" endtime="20220923 16:33:19.675"/>
</kw>
<kw name="Click Element" library="SeleniumLibrary">
<arg>//input[@name='${reason}']//parent::label</arg>
<doc>Click the element identified by ``locator``.</doc>
<msg timestamp="20220923 16:33:19.675" level="INFO">Clicking element '//input[@name='another-website']//parent::label'.</msg>
<status status="PASS" starttime="20220923 16:33:19.675" endtime="20220923 16:33:19.702"/>
</kw>
<kw name="Element Should Be Visible" library="SeleniumLibrary">
<arg>${selectionError}</arg>
<doc>Verifies that the element identified by ``locator`` is visible.</doc>
<msg timestamp="20220923 16:33:19.717" level="INFO">Element '//p[@class='dc-text closing-account-reasons__error']' is displayed.</msg>
<status status="PASS" starttime="20220923 16:33:19.702" endtime="20220923 16:33:19.717"/>
</kw>
<kw name="Wait Until Page Contains Element" library="SeleniumLibrary">
<arg>//input[@name='${reason}' and @value='false']//parent::label</arg>
<doc>Waits until the element ``locator`` appears on the current page.</doc>
<status status="PASS" starttime="20220923 16:33:19.717" endtime="20220923 16:33:19.725"/>
</kw>
<kw name="Checkbox Should Not Be Selected" library="SeleniumLibrary">
<arg>//input[@name='${reason}']</arg>
<doc>Verifies checkbox ``locator`` is not selected/checked.</doc>
<msg timestamp="20220923 16:33:19.725" level="INFO">Verifying checkbox '//input[@name='another-website']' is not selected.</msg>
<status status="PASS" starttime="20220923 16:33:19.725" endtime="20220923 16:33:19.742"/>
</kw>
<status status="PASS" starttime="20220923 16:33:19.604" endtime="20220923 16:33:19.742"/>
</iter>
<iter>
<var name="${reason}">not-user-friendly</var>
<kw name="Click Element" library="SeleniumLibrary">
<arg>//input[@name='${reason}']//parent::label</arg>
<doc>Click the element identified by ``locator``.</doc>
<msg timestamp="20220923 16:33:19.743" level="INFO">Clicking element '//input[@name='not-user-friendly']//parent::label'.</msg>
<status status="PASS" starttime="20220923 16:33:19.743" endtime="20220923 16:33:19.776"/>
</kw>
<kw name="Wait Until Page Contains Element" library="SeleniumLibrary">
<arg>//input[@name='${reason}' and @value='true']//parent::label</arg>
<doc>Waits until the element ``locator`` appears on the current page.</doc>
<status status="PASS" starttime="20220923 16:33:19.777" endtime="20220923 16:33:19.788"/>
</kw>
<kw name="Checkbox Should Be Selected" library="SeleniumLibrary">
<arg>//input[@name='${reason}']</arg>
<doc>Verifies checkbox ``locator`` is selected/checked.</doc>
<msg timestamp="20220923 16:33:19.789" level="INFO">Verifying checkbox '//input[@name='not-user-friendly']' is selected.</msg>
<status status="PASS" starttime="20220923 16:33:19.789" endtime="20220923 16:33:19.814"/>
</kw>
<kw name="Click Element" library="SeleniumLibrary">
<arg>//input[@name='${reason}']//parent::label</arg>
<doc>Click the element identified by ``locator``.</doc>
<msg timestamp="20220923 16:33:19.815" level="INFO">Clicking element '//input[@name='not-user-friendly']//parent::label'.</msg>
<status status="PASS" starttime="20220923 16:33:19.814" endtime="20220923 16:33:19.839"/>
</kw>
<kw name="Element Should Be Visible" library="SeleniumLibrary">
<arg>${selectionError}</arg>
<doc>Verifies that the element identified by ``locator`` is visible.</doc>
<msg timestamp="20220923 16:33:19.855" level="INFO">Element '//p[@class='dc-text closing-account-reasons__error']' is displayed.</msg>
<status status="PASS" starttime="20220923 16:33:19.840" endtime="20220923 16:33:19.855"/>
</kw>
<kw name="Wait Until Page Contains Element" library="SeleniumLibrary">
<arg>//input[@name='${reason}' and @value='false']//parent::label</arg>
<doc>Waits until the element ``locator`` appears on the current page.</doc>
<status status="PASS" starttime="20220923 16:33:19.856" endtime="20220923 16:33:19.863"/>
</kw>
<kw name="Checkbox Should Not Be Selected" library="SeleniumLibrary">
<arg>//input[@name='${reason}']</arg>
<doc>Verifies checkbox ``locator`` is not selected/checked.</doc>
<msg timestamp="20220923 16:33:19.864" level="INFO">Verifying checkbox '//input[@name='not-user-friendly']' is not selected.</msg>
<status status="PASS" starttime="20220923 16:33:19.863" endtime="20220923 16:33:19.877"/>
</kw>
<status status="PASS" starttime="20220923 16:33:19.742" endtime="20220923 16:33:19.877"/>
</iter>
<iter>
<var name="${reason}">difficult-transactions</var>
<kw name="Click Element" library="SeleniumLibrary">
<arg>//input[@name='${reason}']//parent::label</arg>
<doc>Click the element identified by ``locator``.</doc>
<msg timestamp="20220923 16:33:19.877" level="INFO">Clicking element '//input[@name='difficult-transactions']//parent::label'.</msg>
<status status="PASS" starttime="20220923 16:33:19.877" endtime="20220923 16:33:19.910"/>
</kw>
<kw name="Wait Until Page Contains Element" library="SeleniumLibrary">
<arg>//input[@name='${reason}' and @value='true']//parent::label</arg>
<doc>Waits until the element ``locator`` appears on the current page.</doc>
<status status="PASS" starttime="20220923 16:33:19.910" endtime="20220923 16:33:19.921"/>
</kw>
<kw name="Checkbox Should Be Selected" library="SeleniumLibrary">
<arg>//input[@name='${reason}']</arg>
<doc>Verifies checkbox ``locator`` is selected/checked.</doc>
<msg timestamp="20220923 16:33:19.921" level="INFO">Verifying checkbox '//input[@name='difficult-transactions']' is selected.</msg>
<status status="PASS" starttime="20220923 16:33:19.921" endtime="20220923 16:33:19.944"/>
</kw>
<kw name="Click Element" library="SeleniumLibrary">
<arg>//input[@name='${reason}']//parent::label</arg>
<doc>Click the element identified by ``locator``.</doc>
<msg timestamp="20220923 16:33:19.944" level="INFO">Clicking element '//input[@name='difficult-transactions']//parent::label'.</msg>
<status status="PASS" starttime="20220923 16:33:19.944" endtime="20220923 16:33:19.970"/>
</kw>
<kw name="Element Should Be Visible" library="SeleniumLibrary">
<arg>${selectionError}</arg>
<doc>Verifies that the element identified by ``locator`` is visible.</doc>
<msg timestamp="20220923 16:33:19.987" level="INFO">Element '//p[@class='dc-text closing-account-reasons__error']' is displayed.</msg>
<status status="PASS" starttime="20220923 16:33:19.970" endtime="20220923 16:33:19.987"/>
</kw>
<kw name="Wait Until Page Contains Element" library="SeleniumLibrary">
<arg>//input[@name='${reason}' and @value='false']//parent::label</arg>
<doc>Waits until the element ``locator`` appears on the current page.</doc>
<status status="PASS" starttime="20220923 16:33:19.987" endtime="20220923 16:33:19.995"/>
</kw>
<kw name="Checkbox Should Not Be Selected" library="SeleniumLibrary">
<arg>//input[@name='${reason}']</arg>
<doc>Verifies checkbox ``locator`` is not selected/checked.</doc>
<msg timestamp="20220923 16:33:19.996" level="INFO">Verifying checkbox '//input[@name='difficult-transactions']' is not selected.</msg>
<status status="PASS" starttime="20220923 16:33:19.995" endtime="20220923 16:33:20.009"/>
</kw>
<status status="PASS" starttime="20220923 16:33:19.877" endtime="20220923 16:33:20.009"/>
</iter>
<iter>
<var name="${reason}">lack-of-features</var>
<kw name="Click Element" library="SeleniumLibrary">
<arg>//input[@name='${reason}']//parent::label</arg>
<doc>Click the element identified by ``locator``.</doc>
<msg timestamp="20220923 16:33:20.009" level="INFO">Clicking element '//input[@name='lack-of-features']//parent::label'.</msg>
<status status="PASS" starttime="20220923 16:33:20.009" endtime="20220923 16:33:20.045"/>
</kw>
<kw name="Wait Until Page Contains Element" library="SeleniumLibrary">
<arg>//input[@name='${reason}' and @value='true']//parent::label</arg>
<doc>Waits until the element ``locator`` appears on the current page.</doc>
<status status="PASS" starttime="20220923 16:33:20.045" endtime="20220923 16:33:20.053"/>
</kw>
<kw name="Checkbox Should Be Selected" library="SeleniumLibrary">
<arg>//input[@name='${reason}']</arg>
<doc>Verifies checkbox ``locator`` is selected/checked.</doc>
<msg timestamp="20220923 16:33:20.053" level="INFO">Verifying checkbox '//input[@name='lack-of-features']' is selected.</msg>
<status status="PASS" starttime="20220923 16:33:20.053" endtime="20220923 16:33:20.076"/>
</kw>
<kw name="Click Element" library="SeleniumLibrary">
<arg>//input[@name='${reason}']//parent::label</arg>
<doc>Click the element identified by ``locator``.</doc>
<msg timestamp="20220923 16:33:20.076" level="INFO">Clicking element '//input[@name='lack-of-features']//parent::label'.</msg>
<status status="PASS" starttime="20220923 16:33:20.076" endtime="20220923 16:33:20.102"/>
</kw>
<kw name="Element Should Be Visible" library="SeleniumLibrary">
<arg>${selectionError}</arg>
<doc>Verifies that the element identified by ``locator`` is visible.</doc>
<msg timestamp="20220923 16:33:20.115" level="INFO">Element '//p[@class='dc-text closing-account-reasons__error']' is displayed.</msg>
<status status="PASS" starttime="20220923 16:33:20.102" endtime="20220923 16:33:20.115"/>
</kw>
<kw name="Wait Until Page Contains Element" library="SeleniumLibrary">
<arg>//input[@name='${reason}' and @value='false']//parent::label</arg>
<doc>Waits until the element ``locator`` appears on the current page.</doc>
<status status="PASS" starttime="20220923 16:33:20.115" endtime="20220923 16:33:20.124"/>
</kw>
<kw name="Checkbox Should Not Be Selected" library="SeleniumLibrary">
<arg>//input[@name='${reason}']</arg>
<doc>Verifies checkbox ``locator`` is not selected/checked.</doc>
<msg timestamp="20220923 16:33:20.125" level="INFO">Verifying checkbox '//input[@name='lack-of-features']' is not selected.</msg>
<status status="PASS" starttime="20220923 16:33:20.124" endtime="20220923 16:33:20.140"/>
</kw>
<status status="PASS" starttime="20220923 16:33:20.009" endtime="20220923 16:33:20.140"/>
</iter>
<iter>
<var name="${reason}">unsatisfactory-service</var>
<kw name="Click Element" library="SeleniumLibrary">
<arg>//input[@name='${reason}']//parent::label</arg>
<doc>Click the element identified by ``locator``.</doc>
<msg timestamp="20220923 16:33:20.141" level="INFO">Clicking element '//input[@name='unsatisfactory-service']//parent::label'.</msg>
<status status="PASS" starttime="20220923 16:33:20.140" endtime="20220923 16:33:20.173"/>
</kw>
<kw name="Wait Until Page Contains Element" library="SeleniumLibrary">
<arg>//input[@name='${reason}' and @value='true']//parent::label</arg>
<doc>Waits until the element ``locator`` appears on the current page.</doc>
<status status="PASS" starttime="20220923 16:33:20.173" endtime="20220923 16:33:20.182"/>
</kw>
<kw name="Checkbox Should Be Selected" library="SeleniumLibrary">
<arg>//input[@name='${reason}']</arg>
<doc>Verifies checkbox ``locator`` is selected/checked.</doc>
<msg timestamp="20220923 16:33:20.182" level="INFO">Verifying checkbox '//input[@name='unsatisfactory-service']' is selected.</msg>
<status status="PASS" starttime="20220923 16:33:20.182" endtime="20220923 16:33:20.206"/>
</kw>
<kw name="Click Element" library="SeleniumLibrary">
<arg>//input[@name='${reason}']//parent::label</arg>
<doc>Click the element identified by ``locator``.</doc>
<msg timestamp="20220923 16:33:20.206" level="INFO">Clicking element '//input[@name='unsatisfactory-service']//parent::label'.</msg>
<status status="PASS" starttime="20220923 16:33:20.206" endtime="20220923 16:33:20.232"/>
</kw>
<kw name="Element Should Be Visible" library="SeleniumLibrary">
<arg>${selectionError}</arg>
<doc>Verifies that the element identified by ``locator`` is visible.</doc>
<msg timestamp="20220923 16:33:20.246" level="INFO">Element '//p[@class='dc-text closing-account-reasons__error']' is displayed.</msg>
<status status="PASS" starttime="20220923 16:33:20.232" endtime="20220923 16:33:20.246"/>
</kw>
<kw name="Wait Until Page Contains Element" library="SeleniumLibrary">
<arg>//input[@name='${reason}' and @value='false']//parent::label</arg>
<doc>Waits until the element ``locator`` appears on the current page.</doc>
<status status="PASS" starttime="20220923 16:33:20.246" endtime="20220923 16:33:20.255"/>
</kw>
<kw name="Checkbox Should Not Be Selected" library="SeleniumLibrary">
<arg>//input[@name='${reason}']</arg>
<doc>Verifies checkbox ``locator`` is not selected/checked.</doc>
<msg timestamp="20220923 16:33:20.256" level="INFO">Verifying checkbox '//input[@name='unsatisfactory-service']' is not selected.</msg>
<status status="PASS" starttime="20220923 16:33:20.255" endtime="20220923 16:33:20.270"/>
</kw>
<status status="PASS" starttime="20220923 16:33:20.140" endtime="20220923 16:33:20.270"/>
</iter>
<iter>
<var name="${reason}">other-reasons</var>
<kw name="Click Element" library="SeleniumLibrary">
<arg>//input[@name='${reason}']//parent::label</arg>
<doc>Click the element identified by ``locator``.</doc>
<msg timestamp="20220923 16:33:20.271" level="INFO">Clicking element '//input[@name='other-reasons']//parent::label'.</msg>
<status status="PASS" starttime="20220923 16:33:20.271" endtime="20220923 16:33:20.303"/>
</kw>
<kw name="Wait Until Page Contains Element" library="SeleniumLibrary">
<arg>//input[@name='${reason}' and @value='true']//parent::label</arg>
<doc>Waits until the element ``locator`` appears on the current page.</doc>
<status status="PASS" starttime="20220923 16:33:20.303" endtime="20220923 16:33:20.311"/>
</kw>
<kw name="Checkbox Should Be Selected" library="SeleniumLibrary">
<arg>//input[@name='${reason}']</arg>
<doc>Verifies checkbox ``locator`` is selected/checked.</doc>
<msg timestamp="20220923 16:33:20.312" level="INFO">Verifying checkbox '//input[@name='other-reasons']' is selected.</msg>
<status status="PASS" starttime="20220923 16:33:20.311" endtime="20220923 16:33:20.334"/>
</kw>
<kw name="Click Element" library="SeleniumLibrary">
<arg>//input[@name='${reason}']//parent::label</arg>
<doc>Click the element identified by ``locator``.</doc>
<msg timestamp="20220923 16:33:20.335" level="INFO">Clicking element '//input[@name='other-reasons']//parent::label'.</msg>
<status status="PASS" starttime="20220923 16:33:20.334" endtime="20220923 16:33:20.361"/>
</kw>
<kw name="Element Should Be Visible" library="SeleniumLibrary">
<arg>${selectionError}</arg>
<doc>Verifies that the element identified by ``locator`` is visible.</doc>
<msg timestamp="20220923 16:33:20.374" level="INFO">Element '//p[@class='dc-text closing-account-reasons__error']' is displayed.</msg>
<status status="PASS" starttime="20220923 16:33:20.362" endtime="20220923 16:33:20.374"/>
</kw>
<kw name="Wait Until Page Contains Element" library="SeleniumLibrary">
<arg>//input[@name='${reason}' and @value='false']//parent::label</arg>
<doc>Waits until the element ``locator`` appears on the current page.</doc>
<status status="PASS" starttime="20220923 16:33:20.375" endtime="20220923 16:33:20.382"/>
</kw>
<kw name="Checkbox Should Not Be Selected" library="SeleniumLibrary">
<arg>//input[@name='${reason}']</arg>
<doc>Verifies checkbox ``locator`` is not selected/checked.</doc>
<msg timestamp="20220923 16:33:20.383" level="INFO">Verifying checkbox '//input[@name='other-reasons']' is not selected.</msg>
<status status="PASS" starttime="20220923 16:33:20.382" endtime="20220923 16:33:20.397"/>
</kw>
<status status="PASS" starttime="20220923 16:33:20.271" endtime="20220923 16:33:20.397"/>
</iter>
<status status="PASS" starttime="20220923 16:33:19.119" endtime="20220923 16:33:20.397"/>
</for>
<status status="PASS" starttime="20220923 16:33:19.056" endtime="20220923 16:33:20.397"/>
</test>
<test id="s1-t7" name="Verify Reason Is Required" line="114">
<kw name="Wait Until Element Is Enabled" library="SeleniumLibrary">
<arg>${pageContentOverlay}</arg>
<arg>60</arg>
<doc>Waits until the element ``locator`` is enabled.</doc>
<status status="PASS" starttime="20220923 16:33:20.398" endtime="20220923 16:33:20.418"/>
</kw>
<kw name="Click Element" library="SeleniumLibrary">
<arg>${checkFinancialPriorities}</arg>
<doc>Click the element identified by ``locator``.</doc>
<msg timestamp="20220923 16:33:20.419" level="INFO">Clicking element '//input[@name='financial-priorities']//parent::label'.</msg>
<status status="PASS" starttime="20220923 16:33:20.418" endtime="20220923 16:33:20.464"/>
</kw>
<kw name="Element Should Not Be Visible" library="SeleniumLibrary">
<arg>${selectionError}</arg>
<doc>Verifies that the element identified by ``locator`` is NOT visible.</doc>
<msg timestamp="20220923 16:33:20.472" level="INFO">Element '//p[@class='dc-text closing-account-reasons__error']' did not exist.</msg>
<status status="PASS" starttime="20220923 16:33:20.465" endtime="20220923 16:33:20.472"/>
</kw>
<kw name="Element Should Be Enabled" library="SeleniumLibrary">
<arg>${continueButton}</arg>
<doc>Verifies that element identified by ``locator`` is enabled.</doc>
<status status="PASS" starttime="20220923 16:33:20.472" endtime="20220923 16:33:20.493"/>
</kw>
<kw name="Click Element" library="SeleniumLibrary">
<arg>${checkFinancialPriorities}</arg>
<doc>Click the element identified by ``locator``.</doc>
<msg timestamp="20220923 16:33:20.493" level="INFO">Clicking element '//input[@name='financial-priorities']//parent::label'.</msg>
<status status="PASS" starttime="20220923 16:33:20.493" endtime="20220923 16:33:20.531"/>
</kw>
<kw name="Element Should Be Visible" library="SeleniumLibrary">
<arg>${selectionError}</arg>
<doc>Verifies that the element identified by ``locator`` is visible.</doc>
<msg timestamp="20220923 16:33:20.553" level="INFO">Element '//p[@class='dc-text closing-account-reasons__error']' is displayed.</msg>
<status status="PASS" starttime="20220923 16:33:20.531" endtime="20220923 16:33:20.553"/>
</kw>
<status status="PASS" starttime="20220923 16:33:20.398" endtime="20220923 16:33:20.554"/>
</test>
<test id="s1-t8" name="Check The Reasons" line="122">
<kw name="Click Element" library="SeleniumLibrary">
<arg>${checkFinancialPriorities}</arg>
<doc>Click the element identified by ``locator``.</doc>
<msg timestamp="20220923 16:33:20.555" level="INFO">Clicking element '//input[@name='financial-priorities']//parent::label'.</msg>
<status status="PASS" starttime="20220923 16:33:20.554" endtime="20220923 16:33:20.587"/>
</kw>
<kw name="Click Element" library="SeleniumLibrary">
<arg>${checkNotInterested}</arg>
<doc>Click the element identified by ``locator``.</doc>
<msg timestamp="20220923 16:33:20.590" level="INFO">Clicking element '//input[@name='not-interested']//parent::label'.</msg>
<status status="PASS" starttime="20220923 16:33:20.590" endtime="20220923 16:33:20.633"/>
</kw>
<kw name="Click Element" library="SeleniumLibrary">
<arg>${checkStopTrading}</arg>
<doc>Click the element identified by ``locator``.</doc>
<msg timestamp="20220923 16:33:20.634" level="INFO">Clicking element '//input[@name='stop-trading']//parent::label'.</msg>
<status status="PASS" starttime="20220923 16:33:20.633" endtime="20220923 16:33:20.714"/>
</kw>
<kw name="Element Should Be Disabled" library="SeleniumLibrary">
<arg>${checkAnotherWebsite}</arg>
<doc>Verifies that element identified by ``locator`` is disabled.</doc>
<status status="PASS" starttime="20220923 16:33:20.715" endtime="20220923 16:33:20.741"/>
</kw>
<kw name="Element Should Be Disabled" library="SeleniumLibrary">
<arg>${checkNotUserFriendly}</arg>
<doc>Verifies that element identified by ``locator`` is disabled.</doc>
<status status="PASS" starttime="20220923 16:33:20.741" endtime="20220923 16:33:20.767"/>
</kw>
<kw name="Element Should Be Disabled" library="SeleniumLibrary">
<arg>${checkLackFeatures}</arg>
<doc>Verifies that element identified by ``locator`` is disabled.</doc>
<status status="PASS" starttime="20220923 16:33:20.768" endtime="20220923 16:33:20.792"/>
</kw>
<kw name="Element Should Be Disabled" library="SeleniumLibrary">
<arg>${checkUnsatisfactory}</arg>
<doc>Verifies that element identified by ``locator`` is disabled.</doc>
<status status="PASS" starttime="20220923 16:33:20.792" endtime="20220923 16:33:20.814"/>
</kw>
<kw name="Element Should Be Disabled" library="SeleniumLibrary">
<arg>${checkAnotherWebsite}</arg>
<doc>Verifies that element identified by ``locator`` is disabled.</doc>
<status status="PASS" starttime="20220923 16:33:20.814" endtime="20220923 16:33:20.826"/>
</kw>
<kw name="Element Should Be Disabled" library="SeleniumLibrary">
<arg>${checkOtherReasons}</arg>
<doc>Verifies that element identified by ``locator`` is disabled.</doc>
<status status="PASS" starttime="20220923 16:33:20.826" endtime="20220923 16:33:20.842"/>
</kw>
<kw name="Element Should Be Enabled" library="SeleniumLibrary">
<arg>${continueButton}</arg>
<doc>Verifies that element identified by ``locator`` is enabled.</doc>
<status status="PASS" starttime="20220923 16:33:20.842" endtime="20220923 16:33:20.861"/>
</kw>
<status status="PASS" starttime="20220923 16:33:20.554" endtime="20220923 16:33:20.862"/>
</test>
<test id="s1-t9" name="Verify Input Field Types &amp; Character Length" line="134">
<kw name="Element Should Not Be Visible" library="SeleniumLibrary">
<arg>${inputError}</arg>
<doc>Verifies that the element identified by ``locator`` is NOT visible.</doc>
<msg timestamp="20220923 16:33:20.868" level="INFO">Element '//p[@class='dc-text closing-account-reasons__error']' did not exist.</msg>
<status status="PASS" starttime="20220923 16:33:20.862" endtime="20220923 16:33:20.868"/>
</kw>
<kw name="Click Element" library="SeleniumLibrary">
<arg>${inputFieldOtherTradingPlatform}</arg>
<doc>Click the element identified by ``locator``.</doc>
<msg timestamp="20220923 16:33:20.869" level="INFO">Clicking element '//textarea[@name='other_trading_platforms']'.</msg>
<status status="PASS" starttime="20220923 16:33:20.868" endtime="20220923 16:33:20.909"/>
</kw>
<kw name="Input Text" library="SeleniumLibrary">
<arg>${inputFieldOtherTradingPlatform}</arg>
<arg>sdflsa;jldkjfa;lksdjf</arg>
<doc>Types the given ``text`` into the text field identified by ``locator``.</doc>
<msg timestamp="20220923 16:33:20.909" level="INFO">Typing text 'sdflsa;jldkjfa;lksdjf' into text field '//textarea[@name='other_trading_platforms']'.</msg>
<status status="PASS" starttime="20220923 16:33:20.909" endtime="20220923 16:33:21.045"/>
</kw>
<kw name="Element Should Be Disabled" library="SeleniumLibrary">
<arg>${continueButton}</arg>
<doc>Verifies that element identified by ``locator`` is disabled.</doc>
<status status="PASS" starttime="20220923 16:33:21.045" endtime="20220923 16:33:21.059"/>
</kw>
<kw name="Element Should Be Visible" library="SeleniumLibrary">
<arg>${inputError}</arg>
<doc>Verifies that the element identified by ``locator`` is visible.</doc>
<msg timestamp="20220923 16:33:21.073" level="INFO">Element '//p[@class='dc-text closing-account-reasons__error']' is displayed.</msg>
<status status="PASS" starttime="20220923 16:33:21.059" endtime="20220923 16:33:21.073"/>
</kw>
<kw name="Click Element" library="SeleniumLibrary">
<arg>${inputFieldOtherTradingPlatform}</arg>
<doc>Click the element identified by ``locator``.</doc>
<msg timestamp="20220923 16:33:21.073" level="INFO">Clicking element '//textarea[@name='other_trading_platforms']'.</msg>
<status status="PASS" starttime="20220923 16:33:21.073" endtime="20220923 16:33:21.094"/>
</kw>
<kw name="Clear Input Field">
<arg>${inputFieldOtherTradingPlatform}</arg>
<kw name="Press Keys" library="SeleniumLibrary">
<arg>${inputField}</arg>
<arg>CTRL+a+BACKSPACE</arg>
<doc>Simulates the user pressing key(s) to an element or on the active browser.</doc>
<msg timestamp="20220923 16:33:21.097" level="INFO">Sending key(s) ('CTRL+a+BACKSPACE',) to ["//textarea[@name='other_trading_platforms']"] element.</msg>
<msg timestamp="20220923 16:33:21.372" level="INFO">Pressing special key CONTROL down.</msg>
<msg timestamp="20220923 16:33:21.372" level="INFO">Sending key a</msg>
<msg timestamp="20220923 16:33:21.372" level="INFO">Pressing special key BACKSPACE down.</msg>
<msg timestamp="20220923 16:33:21.372" level="INFO">Releasing special key CONTROL.</msg>
<msg timestamp="20220923 16:33:21.372" level="INFO">Releasing special key BACKSPACE.</msg>
<status status="PASS" starttime="20220923 16:33:21.095" endtime="20220923 16:33:21.386"/>
</kw>
<status status="PASS" starttime="20220923 16:33:21.094" endtime="20220923 16:33:21.386"/>
</kw>
<kw name="Click Element" library="SeleniumLibrary">
<arg>${inputFieldOtherTradingPlatform}</arg>
<doc>Click the element identified by ``locator``.</doc>
<msg timestamp="20220923 16:33:21.387" level="INFO">Clicking element '//textarea[@name='other_trading_platforms']'.</msg>
<status status="PASS" starttime="20220923 16:33:21.386" endtime="20220923 16:33:21.411"/>
</kw>
<kw name="Input Text" library="SeleniumLibrary">
<arg>${inputFieldOtherTradingPlatform}</arg>
<arg>There is some other platform have more features. There is some other platform have more features.</arg>
<doc>Types the given ``text`` into the text field identified by ``locator``.</doc>
<msg timestamp="20220923 16:33:21.412" level="INFO">Typing text 'There is some other platform have more features. There is some other platform have more features.' into text field '//textarea[@name='other_trading_platforms']'.</msg>
<status status="PASS" starttime="20220923 16:33:21.411" endtime="20220923 16:33:21.785"/>
</kw>
<kw name="Click Element" library="SeleniumLibrary">
<arg>${inputFieldDoToImprove}</arg>
<doc>Click the element identified by ``locator``.</doc>
<msg timestamp="20220923 16:33:21.786" level="INFO">Clicking element '//textarea[@name='do_to_improve']'.</msg>
<status status="PASS" starttime="20220923 16:33:21.786" endtime="20220923 16:33:21.825"/>
</kw>
<kw name="Input Text" library="SeleniumLibrary">
<arg>${inputFieldDoToImprove}</arg>
<arg>Usability can be improve maybe. Just a dummy sentence.</arg>
<doc>Types the given ``text`` into the text field identified by ``locator``.</doc>
<msg timestamp="20220923 16:33:21.826" level="INFO">Typing text 'Usability can be improve maybe. Just a dummy sentence.' into text field '//textarea[@name='do_to_improve']'.</msg>
<status status="PASS" starttime="20220923 16:33:21.825" endtime="20220923 16:33:21.940"/>
</kw>
<status status="PASS" starttime="20220923 16:33:20.862" endtime="20220923 16:33:21.941"/>
</test>
<test id="s1-t10" name="Clear Text Input Field" line="148">
<kw name="Click Element" library="SeleniumLibrary">
<arg>${inputFieldOtherTradingPlatform}</arg>
<doc>Click the element identified by ``locator``.</doc>
<msg timestamp="20220923 16:33:21.942" level="INFO">Clicking element '//textarea[@name='other_trading_platforms']'.</msg>
<status status="PASS" starttime="20220923 16:33:21.942" endtime="20220923 16:33:21.978"/>
</kw>
<kw name="Clear Input Field">
<arg>${inputFieldOtherTradingPlatform}</arg>
<kw name="Press Keys" library="SeleniumLibrary">
<arg>${inputField}</arg>
<arg>CTRL+a+BACKSPACE</arg>
<doc>Simulates the user pressing key(s) to an element or on the active browser.</doc>
<msg timestamp="20220923 16:33:21.979" level="INFO">Sending key(s) ('CTRL+a+BACKSPACE',) to ["//textarea[@name='other_trading_platforms']"] element.</msg>
<msg timestamp="20220923 16:33:22.247" level="INFO">Pressing special key CONTROL down.</msg>
<msg timestamp="20220923 16:33:22.247" level="INFO">Sending key a</msg>
<msg timestamp="20220923 16:33:22.248" level="INFO">Pressing special key BACKSPACE down.</msg>
<msg timestamp="20220923 16:33:22.248" level="INFO">Releasing special key CONTROL.</msg>
<msg timestamp="20220923 16:33:22.248" level="INFO">Releasing special key BACKSPACE.</msg>
<status status="PASS" starttime="20220923 16:33:21.979" endtime="20220923 16:33:22.261"/>
</kw>
<status status="PASS" starttime="20220923 16:33:21.979" endtime="20220923 16:33:22.261"/>
</kw>
<kw name="Click Element" library="SeleniumLibrary">
<arg>${inputFieldDoToImprove}</arg>
<doc>Click the element identified by ``locator``.</doc>
<msg timestamp="20220923 16:33:22.262" level="INFO">Clicking element '//textarea[@name='do_to_improve']'.</msg>
<status status="PASS" starttime="20220923 16:33:22.261" endtime="20220923 16:33:22.301"/>
</kw>
<kw name="Clear Input Field">
<arg>${inputFieldDoToImprove}</arg>
<kw name="Press Keys" library="SeleniumLibrary">
<arg>${inputField}</arg>
<arg>CTRL+a+BACKSPACE</arg>
<doc>Simulates the user pressing key(s) to an element or on the active browser.</doc>
<msg timestamp="20220923 16:33:22.303" level="INFO">Sending key(s) ('CTRL+a+BACKSPACE',) to ["//textarea[@name='do_to_improve']"] element.</msg>
<msg timestamp="20220923 16:33:22.582" level="INFO">Pressing special key CONTROL down.</msg>
<msg timestamp="20220923 16:33:22.582" level="INFO">Sending key a</msg>
<msg timestamp="20220923 16:33:22.582" level="INFO">Pressing special key BACKSPACE down.</msg>
<msg timestamp="20220923 16:33:22.582" level="INFO">Releasing special key CONTROL.</msg>
<msg timestamp="20220923 16:33:22.582" level="INFO">Releasing special key BACKSPACE.</msg>
<status status="PASS" starttime="20220923 16:33:22.303" endtime="20220923 16:33:22.592"/>
</kw>
<status status="PASS" starttime="20220923 16:33:22.302" endtime="20220923 16:33:22.592"/>
</kw>
<status status="PASS" starttime="20220923 16:33:21.941" endtime="20220923 16:33:22.592"/>
</test>
<test id="s1-t11" name="Typing Text In Input Field" line="154">
<kw name="Click Element" library="SeleniumLibrary">
<arg>${inputFieldOtherTradingPlatform}</arg>
<doc>Click the element identified by ``locator``.</doc>
<msg timestamp="20220923 16:33:22.593" level="INFO">Clicking element '//textarea[@name='other_trading_platforms']'.</msg>
<status status="PASS" starttime="20220923 16:33:22.593" endtime="20220923 16:33:22.626"/>
</kw>
<kw name="Input Text" library="SeleniumLibrary">
<arg>${inputFieldOtherTradingPlatform}</arg>
<arg>XXXX platform have more features and is better. There is some other platform have more features.</arg>
<doc>Types the given ``text`` into the text field identified by ``locator``.</doc>
<msg timestamp="20220923 16:33:22.627" level="INFO">Typing text 'XXXX platform have more features and is better. There is some other platform have more features.' into text field '//textarea[@name='other_trading_platforms']'.</msg>
<status status="PASS" starttime="20220923 16:33:22.626" endtime="20220923 16:33:22.996"/>
</kw>
<kw name="Element Should Not Contain" library="SeleniumLibrary">
<arg>${inputFieldOtherTradingPlatform}</arg>
<arg>If you don’t mind sharing, which other trading platforms do you use?</arg>
<doc>Verifies that element ``locator`` does not contain text ``expected``.</doc>
<msg timestamp="20220923 16:33:23.017" level="INFO">Element '//textarea[@name='other_trading_platforms']' does not contain text 'If you don’t mind sharing, which other trading platforms do you use?'.</msg>
<status status="PASS" starttime="20220923 16:33:22.996" endtime="20220923 16:33:23.017"/>
</kw>
<kw name="Click Element" library="SeleniumLibrary">
<arg>${inputFieldDoToImprove}</arg>
<doc>Click the element identified by ``locator``.</doc>
<msg timestamp="20220923 16:33:23.017" level="INFO">Clicking element '//textarea[@name='do_to_improve']'.</msg>
<status status="PASS" starttime="20220923 16:33:23.017" endtime="20220923 16:33:23.041"/>
</kw>
<kw name="Input Text" library="SeleniumLibrary">
<arg>${inputFieldDoToImprove}</arg>
<arg>Usability can be improve maybe. Just a dummy sentence.</arg>
<doc>Types the given ``text`` into the text field identified by ``locator``.</doc>
<msg timestamp="20220923 16:33:23.042" level="INFO">Typing text 'Usability can be improve maybe. Just a dummy sentence.' into text field '//textarea[@name='do_to_improve']'.</msg>
<status status="PASS" starttime="20220923 16:33:23.042" endtime="20220923 16:33:23.150"/>
</kw>
<kw name="Element Should Not Contain" library="SeleniumLibrary">
<arg>${inputFieldDoToImprove}</arg>
<arg>What could we do to improve?</arg>
<doc>Verifies that element ``locator`` does not contain text ``expected``.</doc>
<msg timestamp="20220923 16:33:23.168" level="INFO">Element '//textarea[@name='do_to_improve']' does not contain text 'What could we do to improve?'.</msg>
<status status="PASS" starttime="20220923 16:33:23.150" endtime="20220923 16:33:23.168"/>
</kw>
<status status="PASS" starttime="20220923 16:33:22.593" endtime="20220923 16:33:23.168"/>
</test>
<test id="s1-t12" name="Continue To Close Account" line="163">
<kw name="Click Element" library="SeleniumLibrary">
<arg>${continueButton}</arg>
<doc>Click the element identified by ``locator``.</doc>
<msg timestamp="20220923 16:33:23.169" level="INFO">Clicking element '//div[@class='closing-account-reasons__footer']//button[@class='dc-btn dc-btn__effect dc-btn--primary dc-btn__large']'.</msg>
<status status="PASS" starttime="20220923 16:33:23.169" endtime="20220923 16:33:23.238"/>
</kw>
<kw name="Wait Until Page Contains Element" library="SeleniumLibrary">
<arg>${closeAccountPrompt}</arg>
<arg>60</arg>
<doc>Waits until the element ``locator`` appears on the current page.</doc>
<status status="PASS" starttime="20220923 16:33:23.240" endtime="20220923 16:33:23.261"/>
</kw>
<kw name="Wait Until Element Is Visible" library="SeleniumLibrary">
<arg>${closeAccountPrompt}</arg>
<arg>60</arg>
<doc>Waits until the element ``locator`` is visible.</doc>
<status status="PASS" starttime="20220923 16:33:23.261" endtime="20220923 16:33:23.277"/>
</kw>
<kw name="Wait Until Element Is Visible" library="SeleniumLibrary">
<arg>${returnButton}</arg>
<arg>60</arg>
<doc>Waits until the element ``locator`` is visible.</doc>
<status status="PASS" starttime="20220923 16:33:23.277" endtime="20220923 16:33:23.551"/>
</kw>
<kw name="Wait Until Element Is Visible" library="SeleniumLibrary">
<arg>${closeAccountButton}</arg>
<arg>60</arg>
<doc>Waits until the element ``locator`` is visible.</doc>
<status status="PASS" starttime="20220923 16:33:23.551" endtime="20220923 16:33:23.611"/>
</kw>
<kw name="Click Element" library="SeleniumLibrary">
<arg>${returnButton}</arg>
<doc>Click the element identified by ``locator``.</doc>
<msg timestamp="20220923 16:33:23.611" level="INFO">Clicking element '//div[@class='dc-modal']//button[@class='dc-btn dc-btn__effect dc-btn--secondary dc-btn__large']'.</msg>
<status status="PASS" starttime="20220923 16:33:23.611" endtime="20220923 16:33:23.665"/>
</kw>
<kw name="Wait Until Element Is Enabled" library="SeleniumLibrary">
<arg>${pageContentOverlay}</arg>
<arg>60</arg>
<doc>Waits until the element ``locator`` is enabled.</doc>
<status status="PASS" starttime="20220923 16:33:23.665" endtime="20220923 16:33:23.684"/>
</kw>
<kw name="Click Element" library="SeleniumLibrary">
<arg>${continueButton}</arg>
<doc>Click the element identified by ``locator``.</doc>
<msg timestamp="20220923 16:33:23.684" level="INFO">Clicking element '//div[@class='closing-account-reasons__footer']//button[@class='dc-btn dc-btn__effect dc-btn--primary dc-btn__large']'.</msg>
<status status="PASS" starttime="20220923 16:33:23.684" endtime="20220923 16:33:24.006"/>
</kw>
<kw name="Wait Until Page Contains Element" library="SeleniumLibrary">
<arg>${closeAccountPrompt}</arg>
<arg>60</arg>
<doc>Waits until the element ``locator`` appears on the current page.</doc>
<status status="PASS" starttime="20220923 16:33:24.006" endtime="20220923 16:33:24.014"/>
</kw>
<kw name="Wait Until Element Is Visible" library="SeleniumLibrary">
<arg>${closeAccountPrompt}</arg>
<doc>Waits until the element ``locator`` is visible.</doc>
<status status="PASS" starttime="20220923 16:33:24.015" endtime="20220923 16:33:24.057"/>
</kw>
<kw name="Wait Until Element Is Visible" library="SeleniumLibrary">
<arg>${returnButton}</arg>
<doc>Waits until the element ``locator`` is visible.</doc>
<status status="PASS" starttime="20220923 16:33:24.058" endtime="20220923 16:33:24.300"/>
</kw>
<kw name="Wait Until Element Is Visible" library="SeleniumLibrary">
<arg>${closeAccountButton}</arg>
<doc>Waits until the element ``locator`` is visible.</doc>
<status status="PASS" starttime="20220923 16:33:24.301" endtime="20220923 16:33:24.338"/>
</kw>
<kw name="Click Element" library="SeleniumLibrary">
<arg>${closeAccountButton}</arg>
<doc>Click the element identified by ``locator``.</doc>
<msg timestamp="20220923 16:33:24.339" level="INFO">Clicking element '//div[@class='dc-modal']//button[@class='dc-btn dc-btn__effect dc-btn--primary dc-btn__large']'.</msg>
<status status="PASS" starttime="20220923 16:33:24.338" endtime="20220923 16:33:24.386"/>
</kw>
<status status="PASS" starttime="20220923 16:33:23.168" endtime="20220923 16:33:24.387"/>
</test>
<test id="s1-t13" name="Verify Close Account" line="180">
<kw name="Wait Until Page Contains Element" library="SeleniumLibrary">
<arg>${closeAccountMessage}</arg>
<arg>60</arg>
<doc>Waits until the element ``locator`` appears on the current page.</doc>
<status status="PASS" starttime="20220923 16:33:24.388" endtime="20220923 16:33:25.451"/>
</kw>
<kw name="Wait Until Element Is Visible" library="SeleniumLibrary">
<arg>${closeAccountMessage}</arg>
<arg>60</arg>
<doc>Waits until the element ``locator`` is visible.</doc>
<status status="PASS" starttime="20220923 16:33:25.451" endtime="20220923 16:33:25.466"/>
</kw>
<kw name="Sleep" library="BuiltIn">
<arg>20</arg>
<doc>Pauses the test executed for the given time.</doc>
<msg timestamp="20220923 16:33:45.467" level="INFO">Slept 20 seconds</msg>
<status status="PASS" starttime="20220923 16:33:25.467" endtime="20220923 16:33:45.467"/>
</kw>
<status status="PASS" starttime="20220923 16:33:24.387" endtime="20220923 16:33:45.467"/>
</test>
<test id="s1-t14" name="Verify Final Location" line="185">
<kw name="Location Should Be" library="SeleniumLibrary">
<arg>${HomeURL}</arg>
<doc>Verifies that the current URL is exactly ``url``.</doc>
<msg timestamp="20220923 16:33:45.479" level="INFO">Current location is 'https://deriv.com/'.</msg>
<status status="PASS" starttime="20220923 16:33:45.469" endtime="20220923 16:33:45.479"/>
</kw>
<status status="PASS" starttime="20220923 16:33:45.468" endtime="20220923 16:33:45.480"/>
</test>
<status status="PASS" starttime="20220923 16:32:52.270" endtime="20220923 16:33:45.481"/>
</suite>
<statistics>
<total>
<stat pass="14" fail="0" skip="0">All Tests</stat>
</total>
<tag>
</tag>
<suite>
<stat pass="14" fail="0" skip="0" id="s1" name="Secondproject">Secondproject</stat>
</suite>
</statistics>
<errors>
</errors>
</robot>
