<?xml version="1.0" encoding="UTF-8"?>
<robot generator="Robot 5.0.1 (Python 3.8.10 on linux)" generated="20220923 07:22:13.105" rpa="false" schemaversion="3">
<suite id="s1" name="Firstproject" source="/home/lim/qa_finalproject/APITokenPage/firstproject.robot">
<test id="s1-t1" name="Login To Deriv App" line="77">
<kw name="Open Browser" library="SeleniumLibrary">
<arg>${AppURL}</arg>
<arg>Chrome</arg>
<doc>Opens a new browser instance to the optional ``url``.</doc>
<msg timestamp="20220923 07:22:13.186" level="INFO">Opening browser 'Chrome' to base url 'https://app.deriv.com/account/api-token'.</msg>
<status status="PASS" starttime="20220923 07:22:13.186" endtime="20220923 07:22:19.802"/>
</kw>
<kw name="Maximize Browser Window" library="SeleniumLibrary">
<doc>Maximizes current browser window.</doc>
<status status="PASS" starttime="20220923 07:22:19.802" endtime="20220923 07:22:19.910"/>
</kw>
<kw name="Sleep" library="BuiltIn">
<arg>1</arg>
<doc>Pauses the test executed for the given time.</doc>
<msg timestamp="20220923 07:22:20.911" level="INFO">Slept 1 second</msg>
<status status="PASS" starttime="20220923 07:22:19.910" endtime="20220923 07:22:20.911"/>
</kw>
<kw name="Wait Until Page Contains Element" library="SeleniumLibrary">
<arg>${inputEmail}</arg>
<arg>60</arg>
<doc>Waits until the element ``locator`` appears on the current page.</doc>
<status status="PASS" starttime="20220923 07:22:20.911" endtime="20220923 07:22:20.927"/>
</kw>
<kw name="Input Text" library="SeleniumLibrary">
<arg>${inputEmail}</arg>
<arg>sheng.yuan@besquare.com.my</arg>
<doc>Types the given ``text`` into the text field identified by ``locator``.</doc>
<msg timestamp="20220923 07:22:20.928" level="INFO">Typing text 'sheng.yuan@besquare.com.my' into text field '//input[@type='email']'.</msg>
<status status="PASS" starttime="20220923 07:22:20.928" endtime="20220923 07:22:20.994"/>
</kw>
<kw name="Input Text" library="SeleniumLibrary">
<arg>${inputPassword}</arg>
<arg>Lsy@1103</arg>
<doc>Types the given ``text`` into the text field identified by ``locator``.</doc>
<msg timestamp="20220923 07:22:20.995" level="INFO">Typing text 'Lsy@1103' into text field '//input[@type='password']'.</msg>
<status status="PASS" starttime="20220923 07:22:20.995" endtime="20220923 07:22:21.055"/>
</kw>
<kw name="Click Element" library="SeleniumLibrary">
<arg>${submitButton}</arg>
<doc>Click the element identified by ``locator``.</doc>
<msg timestamp="20220923 07:22:21.055" level="INFO">Clicking element '//button[@type='submit']'.</msg>
<status status="PASS" starttime="20220923 07:22:21.055" endtime="20220923 07:22:23.211"/>
</kw>
<status status="PASS" starttime="20220923 07:22:13.185" endtime="20220923 07:22:23.211"/>
</test>
<test id="s1-t2" name="Wait API Token Page To Load" line="86">
<kw name="Wait Until Page Does Not Contain Element" library="SeleniumLibrary">
<arg>${accountLoader}</arg>
<arg>60</arg>
<doc>Waits until the element ``locator`` disappears from the current page.</doc>
<status status="PASS" starttime="20220923 07:22:23.212" endtime="20220923 07:22:26.241"/>
</kw>
<kw name="Wait Until Page Contains Element" library="SeleniumLibrary">
<arg>${pageOverlay}</arg>
<arg>60</arg>
<doc>Waits until the element ``locator`` appears on the current page.</doc>
<status status="PASS" starttime="20220923 07:22:26.241" endtime="20220923 07:22:26.251"/>
</kw>
<status status="PASS" starttime="20220923 07:22:23.212" endtime="20220923 07:22:26.251"/>
</test>
<test id="s1-t3" name="Check And Un-Check Scope" line="90">
<kw name="Wait Until Element Is Visible" library="SeleniumLibrary">
<arg>${selectScope}</arg>
<arg>60</arg>
<doc>Waits until the element ``locator`` is visible.</doc>
<status status="PASS" starttime="20220923 07:22:26.252" endtime="20220923 07:22:26.275"/>
</kw>
<kw name="Wait Until Element Is Enabled" library="SeleniumLibrary">
<arg>${selectScope}</arg>
<arg>60</arg>
<doc>Waits until the element ``locator`` is enabled.</doc>
<status status="PASS" starttime="20220923 07:22:26.275" endtime="20220923 07:22:26.304"/>
</kw>
<kw name="Click Element" library="SeleniumLibrary">
<arg>${selectRead}</arg>
<doc>Click the element identified by ``locator``.</doc>
<msg timestamp="20220923 07:22:26.304" level="INFO">Clicking element '//input[@name='read']//parent::label'.</msg>
<status status="PASS" starttime="20220923 07:22:26.304" endtime="20220923 07:22:26.461"/>
</kw>
<kw name="Wait Until Page Contains Element" library="SeleniumLibrary">
<arg>${checkedRead}</arg>
<arg>60</arg>
<doc>Waits until the element ``locator`` appears on the current page.</doc>
<status status="PASS" starttime="20220923 07:22:26.461" endtime="20220923 07:22:26.486"/>
</kw>
<kw name="Click Element" library="SeleniumLibrary">
<arg>${selectPayment}</arg>
<doc>Click the element identified by ``locator``.</doc>
<msg timestamp="20220923 07:22:26.487" level="INFO">Clicking element '//input[@name='payments']//parent::label'.</msg>
<status status="PASS" starttime="20220923 07:22:26.486" endtime="20220923 07:22:26.543"/>
</kw>
<kw name="Wait Until Page Contains Element" library="SeleniumLibrary">
<arg>${checkedPayment}</arg>
<arg>60</arg>
<doc>Waits until the element ``locator`` appears on the current page.</doc>
<status status="PASS" starttime="20220923 07:22:26.543" endtime="20220923 07:22:26.554"/>
</kw>
<kw name="Click Element" library="SeleniumLibrary">
<arg>${selectAdmin}</arg>
<doc>Click the element identified by ``locator``.</doc>
<msg timestamp="20220923 07:22:26.555" level="INFO">Clicking element '//input[@name='admin']//parent::label'.</msg>
<status status="PASS" starttime="20220923 07:22:26.554" endtime="20220923 07:22:26.619"/>
</kw>
<kw name="Wait Until Page Contains Element" library="SeleniumLibrary">
<arg>${checkedAdmin}</arg>
<arg>60</arg>
<doc>Waits until the element ``locator`` appears on the current page.</doc>
<status status="PASS" starttime="20220923 07:22:26.619" endtime="20220923 07:22:26.634"/>
</kw>
<kw name="Click Element" library="SeleniumLibrary">
<arg>${selectTrade}</arg>
<doc>Click the element identified by ``locator``.</doc>
<msg timestamp="20220923 07:22:26.635" level="INFO">Clicking element '//input[@name='trade']//parent::label'.</msg>
<status status="PASS" starttime="20220923 07:22:26.634" endtime="20220923 07:22:26.727"/>
</kw>
<kw name="Wait Until Page Contains Element" library="SeleniumLibrary">
<arg>${checkedTrade}</arg>
<arg>60</arg>
<doc>Waits until the element ``locator`` appears on the current page.</doc>
<status status="PASS" starttime="20220923 07:22:26.727" endtime="20220923 07:22:26.743"/>
</kw>
<kw name="Click Element" library="SeleniumLibrary">
<arg>${selectTradingInformation}</arg>
<doc>Click the element identified by ``locator``.</doc>
<msg timestamp="20220923 07:22:26.744" level="INFO">Clicking element '//input[@name='trading_information']//parent::label'.</msg>
<status status="PASS" starttime="20220923 07:22:26.744" endtime="20220923 07:22:26.809"/>
</kw>
<kw name="Wait Until Page Contains Element" library="SeleniumLibrary">
<arg>${checkedTradingInformation}</arg>
<arg>60</arg>
<doc>Waits until the element ``locator`` appears on the current page.</doc>
<status status="PASS" starttime="20220923 07:22:26.809" endtime="20220923 07:22:26.825"/>
</kw>
<kw name="Sleep" library="BuiltIn">
<arg>1</arg>
<doc>Pauses the test executed for the given time.</doc>
<msg timestamp="20220923 07:22:27.826" level="INFO">Slept 1 second</msg>
<status status="PASS" starttime="20220923 07:22:26.826" endtime="20220923 07:22:27.827"/>
</kw>
<kw name="Click Element" library="SeleniumLibrary">
<arg>${selectRead}</arg>
<doc>Click the element identified by ``locator``.</doc>
<msg timestamp="20220923 07:22:27.827" level="INFO">Clicking element '//input[@name='read']//parent::label'.</msg>
<status status="PASS" starttime="20220923 07:22:27.827" endtime="20220923 07:22:27.897"/>
</kw>
<kw name="Wait Until Page Contains Element" library="SeleniumLibrary">
<arg>${uncheckedRead}</arg>
<arg>60</arg>
<doc>Waits until the element ``locator`` appears on the current page.</doc>
<status status="PASS" starttime="20220923 07:22:27.897" endtime="20220923 07:22:27.914"/>
</kw>
<kw name="Click Element" library="SeleniumLibrary">
<arg>${selectPayment}</arg>
<doc>Click the element identified by ``locator``.</doc>
<msg timestamp="20220923 07:22:27.914" level="INFO">Clicking element '//input[@name='payments']//parent::label'.</msg>
<status status="PASS" starttime="20220923 07:22:27.914" endtime="20220923 07:22:27.966"/>
</kw>
<kw name="Wait Until Page Contains Element" library="SeleniumLibrary">
<arg>${uncheckedPayment}</arg>
<arg>60</arg>
<doc>Waits until the element ``locator`` appears on the current page.</doc>
<status status="PASS" starttime="20220923 07:22:27.966" endtime="20220923 07:22:27.977"/>
</kw>
<kw name="Click Element" library="SeleniumLibrary">
<arg>${selectAdmin}</arg>
<doc>Click the element identified by ``locator``.</doc>
<msg timestamp="20220923 07:22:27.978" level="INFO">Clicking element '//input[@name='admin']//parent::label'.</msg>
<status status="PASS" starttime="20220923 07:22:27.978" endtime="20220923 07:22:28.010"/>
</kw>
<kw name="Wait Until Page Contains Element" library="SeleniumLibrary">
<arg>${uncheckedAdmin}</arg>
<arg>60</arg>
<doc>Waits until the element ``locator`` appears on the current page.</doc>
<status status="PASS" starttime="20220923 07:22:28.011" endtime="20220923 07:22:28.021"/>
</kw>
<kw name="Click Element" library="SeleniumLibrary">
<arg>${selectTrade}</arg>
<doc>Click the element identified by ``locator``.</doc>
<msg timestamp="20220923 07:22:28.021" level="INFO">Clicking element '//input[@name='trade']//parent::label'.</msg>
<status status="PASS" starttime="20220923 07:22:28.021" endtime="20220923 07:22:28.058"/>
</kw>
<kw name="Wait Until Page Contains Element" library="SeleniumLibrary">
<arg>${uncheckedTrade}</arg>
<arg>60</arg>
<doc>Waits until the element ``locator`` appears on the current page.</doc>
<status status="PASS" starttime="20220923 07:22:28.058" endtime="20220923 07:22:28.072"/>
</kw>
<kw name="Click Element" library="SeleniumLibrary">
<arg>${selectTradingInformation}</arg>
<doc>Click the element identified by ``locator``.</doc>
<msg timestamp="20220923 07:22:28.073" level="INFO">Clicking element '//input[@name='trading_information']//parent::label'.</msg>
<status status="PASS" starttime="20220923 07:22:28.072" endtime="20220923 07:22:28.109"/>
</kw>
<kw name="Wait Until Page Contains Element" library="SeleniumLibrary">
<arg>${uncheckedTradingInformation}</arg>
<arg>60</arg>
<doc>Waits until the element ``locator`` appears on the current page.</doc>
<status status="PASS" starttime="20220923 07:22:28.110" endtime="20220923 07:22:28.124"/>
</kw>
<status status="PASS" starttime="20220923 07:22:26.252" endtime="20220923 07:22:28.124"/>
</test>
<test id="s1-t4" name="Selecting API Token Scope" line="115">
<kw name="Element Should Be Disabled" library="SeleniumLibrary">
<arg>${createButtonStats}</arg>
<doc>Verifies that element identified by ``locator`` is disabled.</doc>
<status status="PASS" starttime="20220923 07:22:28.125" endtime="20220923 07:22:28.142"/>
</kw>
<kw name="Click Element" library="SeleniumLibrary">
<arg>${selectRead}</arg>
<doc>Click the element identified by ``locator``.</doc>
<msg timestamp="20220923 07:22:28.143" level="INFO">Clicking element '//input[@name='read']//parent::label'.</msg>
<status status="PASS" starttime="20220923 07:22:28.142" endtime="20220923 07:22:28.176"/>
</kw>
<kw name="Wait Until Page Contains Element" library="SeleniumLibrary">
<arg>${checkedRead}</arg>
<arg>60</arg>
<doc>Waits until the element ``locator`` appears on the current page.</doc>
<status status="PASS" starttime="20220923 07:22:28.177" endtime="20220923 07:22:28.187"/>
</kw>
<kw name="Click Element" library="SeleniumLibrary">
<arg>${selectPayment}</arg>
<doc>Click the element identified by ``locator``.</doc>
<msg timestamp="20220923 07:22:28.188" level="INFO">Clicking element '//input[@name='payments']//parent::label'.</msg>
<status status="PASS" starttime="20220923 07:22:28.187" endtime="20220923 07:22:28.222"/>
</kw>
<kw name="Wait Until Page Contains Element" library="SeleniumLibrary">
<arg>${checkedPayment}</arg>
<arg>60</arg>
<doc>Waits until the element ``locator`` appears on the current page.</doc>
<status status="PASS" starttime="20220923 07:22:28.222" endtime="20220923 07:22:28.235"/>
</kw>
<kw name="Click Element" library="SeleniumLibrary">
<arg>${selectAdmin}</arg>
<doc>Click the element identified by ``locator``.</doc>
<msg timestamp="20220923 07:22:28.235" level="INFO">Clicking element '//input[@name='admin']//parent::label'.</msg>
<status status="PASS" starttime="20220923 07:22:28.235" endtime="20220923 07:22:28.278"/>
</kw>
<kw name="Wait Until Page Contains Element" library="SeleniumLibrary">
<arg>${checkedAdmin}</arg>
<arg>60</arg>
<doc>Waits until the element ``locator`` appears on the current page.</doc>
<status status="PASS" starttime="20220923 07:22:28.278" endtime="20220923 07:22:28.287"/>
</kw>
<kw name="Click Element" library="SeleniumLibrary">
<arg>${selectTrade}</arg>
<doc>Click the element identified by ``locator``.</doc>
<msg timestamp="20220923 07:22:28.287" level="INFO">Clicking element '//input[@name='trade']//parent::label'.</msg>
<status status="PASS" starttime="20220923 07:22:28.287" endtime="20220923 07:22:28.319"/>
</kw>
<kw name="Wait Until Page Contains Element" library="SeleniumLibrary">
<arg>${checkedTrade}</arg>
<arg>60</arg>
<doc>Waits until the element ``locator`` appears on the current page.</doc>
<status status="PASS" starttime="20220923 07:22:28.319" endtime="20220923 07:22:28.328"/>
</kw>
<kw name="Click Element" library="SeleniumLibrary">
<arg>${selectTradingInformation}</arg>
<doc>Click the element identified by ``locator``.</doc>
<msg timestamp="20220923 07:22:28.329" level="INFO">Clicking element '//input[@name='trading_information']//parent::label'.</msg>
<status status="PASS" starttime="20220923 07:22:28.328" endtime="20220923 07:22:28.363"/>
</kw>
<kw name="Wait Until Page Contains Element" library="SeleniumLibrary">
<arg>${checkedTradingInformation}</arg>
<arg>60</arg>
<doc>Waits until the element ``locator`` appears on the current page.</doc>
<status status="PASS" starttime="20220923 07:22:28.363" endtime="20220923 07:22:28.369"/>
</kw>
<status status="PASS" starttime="20220923 07:22:28.125" endtime="20220923 07:22:28.369"/>
</test>
<test id="s1-t5" name="Check Empty Input Field" line="128">
<kw name="Click Element" library="SeleniumLibrary">
<arg>${inputTokenName}</arg>
<doc>Click the element identified by ``locator``.</doc>
<msg timestamp="20220923 07:22:28.370" level="INFO">Clicking element '//input[@name='token_name']'.</msg>
<status status="PASS" starttime="20220923 07:22:28.370" endtime="20220923 07:22:28.417"/>
</kw>
<kw name="Element Should Be Disabled" library="SeleniumLibrary">
<arg>${createButtonStats}</arg>
<doc>Verifies that element identified by ``locator`` is disabled.</doc>
<status status="PASS" starttime="20220923 07:22:28.417" endtime="20220923 07:22:28.435"/>
</kw>
<status status="PASS" starttime="20220923 07:22:28.370" endtime="20220923 07:22:28.435"/>
</test>
<test id="s1-t6" name="Check Input Field Length &amp; Types" line="132">
<kw name="Click Element" library="SeleniumLibrary">
<arg>${inputTokenName}</arg>
<doc>Click the element identified by ``locator``.</doc>
<msg timestamp="20220923 07:22:28.436" level="INFO">Clicking element '//input[@name='token_name']'.</msg>
<status status="PASS" starttime="20220923 07:22:28.436" endtime="20220923 07:22:28.466"/>
</kw>
<kw name="Input Text" library="SeleniumLibrary">
<arg>${inputTokenName}</arg>
<arg>a</arg>
<doc>Types the given ``text`` into the text field identified by ``locator``.</doc>
<msg timestamp="20220923 07:22:28.467" level="INFO">Typing text 'a' into text field '//input[@name='token_name']'.</msg>
<status status="PASS" starttime="20220923 07:22:28.467" endtime="20220923 07:22:28.534"/>
</kw>
<kw name="Element Should Be Disabled" library="SeleniumLibrary">
<arg>${createButtonStats}</arg>
<doc>Verifies that element identified by ``locator`` is disabled.</doc>
<status status="PASS" starttime="20220923 07:22:28.535" endtime="20220923 07:22:28.550"/>
</kw>
<kw name="Click Element" library="SeleniumLibrary">
<arg>${inputTokenName}</arg>
<doc>Click the element identified by ``locator``.</doc>
<msg timestamp="20220923 07:22:28.550" level="INFO">Clicking element '//input[@name='token_name']'.</msg>
<status status="PASS" starttime="20220923 07:22:28.550" endtime="20220923 07:22:28.578"/>
</kw>
<kw name="Clear Input Field">
<arg>${inputTokenName}</arg>
<kw name="Press Keys" library="SeleniumLibrary">
<arg>${inputField}</arg>
<arg>CTRL+a+BACKSPACE</arg>
<doc>Simulates the user pressing key(s) to an element or on the active browser.</doc>
<msg timestamp="20220923 07:22:28.579" level="INFO">Sending key(s) ('CTRL+a+BACKSPACE',) to ["//input[@name='token_name']"] element.</msg>
<msg timestamp="20220923 07:22:28.851" level="INFO">Pressing special key CONTROL down.</msg>
<msg timestamp="20220923 07:22:28.851" level="INFO">Sending key a</msg>
<msg timestamp="20220923 07:22:28.851" level="INFO">Pressing special key BACKSPACE down.</msg>
<msg timestamp="20220923 07:22:28.852" level="INFO">Releasing special key CONTROL.</msg>
<msg timestamp="20220923 07:22:28.852" level="INFO">Releasing special key BACKSPACE.</msg>
<status status="PASS" starttime="20220923 07:22:28.579" endtime="20220923 07:22:28.889"/>
</kw>
<status status="PASS" starttime="20220923 07:22:28.579" endtime="20220923 07:22:28.889"/>
</kw>
<kw name="Click Element" library="SeleniumLibrary">
<arg>${inputTokenName}</arg>
<doc>Click the element identified by ``locator``.</doc>
<msg timestamp="20220923 07:22:28.891" level="INFO">Clicking element '//input[@name='token_name']'.</msg>
<status status="PASS" starttime="20220923 07:22:28.890" endtime="20220923 07:22:28.927"/>
</kw>
<kw name="Input Text" library="SeleniumLibrary">
<arg>${inputTokenName}</arg>
<arg>abcdefghijklmopqrstuvwxyz1234567890</arg>
<doc>Types the given ``text`` into the text field identified by ``locator``.</doc>
<msg timestamp="20220923 07:22:28.927" level="INFO">Typing text 'abcdefghijklmopqrstuvwxyz1234567890' into text field '//input[@name='token_name']'.</msg>
<status status="PASS" starttime="20220923 07:22:28.927" endtime="20220923 07:22:29.141"/>
</kw>
<kw name="Element Should Be Disabled" library="SeleniumLibrary">
<arg>${createButtonStats}</arg>
<doc>Verifies that element identified by ``locator`` is disabled.</doc>
<status status="PASS" starttime="20220923 07:22:29.141" endtime="20220923 07:22:29.160"/>
</kw>
<kw name="Click Element" library="SeleniumLibrary">
<arg>${inputTokenName}</arg>
<doc>Click the element identified by ``locator``.</doc>
<msg timestamp="20220923 07:22:29.160" level="INFO">Clicking element '//input[@name='token_name']'.</msg>
<status status="PASS" starttime="20220923 07:22:29.160" endtime="20220923 07:22:29.181"/>
</kw>
<kw name="Clear Input Field">
<arg>${inputTokenName}</arg>
<kw name="Press Keys" library="SeleniumLibrary">
<arg>${inputField}</arg>
<arg>CTRL+a+BACKSPACE</arg>
<doc>Simulates the user pressing key(s) to an element or on the active browser.</doc>
<msg timestamp="20220923 07:22:29.182" level="INFO">Sending key(s) ('CTRL+a+BACKSPACE',) to ["//input[@name='token_name']"] element.</msg>
<msg timestamp="20220923 07:22:29.449" level="INFO">Pressing special key CONTROL down.</msg>
<msg timestamp="20220923 07:22:29.449" level="INFO">Sending key a</msg>
<msg timestamp="20220923 07:22:29.449" level="INFO">Pressing special key BACKSPACE down.</msg>
<msg timestamp="20220923 07:22:29.449" level="INFO">Releasing special key CONTROL.</msg>
<msg timestamp="20220923 07:22:29.449" level="INFO">Releasing special key BACKSPACE.</msg>
<status status="PASS" starttime="20220923 07:22:29.182" endtime="20220923 07:22:29.492"/>
</kw>
<status status="PASS" starttime="20220923 07:22:29.182" endtime="20220923 07:22:29.492"/>
</kw>
<kw name="Click Element" library="SeleniumLibrary">
<arg>${inputTokenName}</arg>
<doc>Click the element identified by ``locator``.</doc>
<msg timestamp="20220923 07:22:29.492" level="INFO">Clicking element '//input[@name='token_name']'.</msg>
<status status="PASS" starttime="20220923 07:22:29.492" endtime="20220923 07:22:29.544"/>
</kw>
<kw name="Input Text" library="SeleniumLibrary">
<arg>${inputTokenName}</arg>
<arg>trying!my!best</arg>
<doc>Types the given ``text`` into the text field identified by ``locator``.</doc>
<msg timestamp="20220923 07:22:29.545" level="INFO">Typing text 'trying!my!best' into text field '//input[@name='token_name']'.</msg>
<status status="PASS" starttime="20220923 07:22:29.545" endtime="20220923 07:22:29.651"/>
</kw>
<kw name="Element Should Be Disabled" library="SeleniumLibrary">
<arg>${createButtonStats}</arg>
<doc>Verifies that element identified by ``locator`` is disabled.</doc>
<status status="PASS" starttime="20220923 07:22:29.651" endtime="20220923 07:22:29.664"/>
</kw>
<kw name="Click Element" library="SeleniumLibrary">
<arg>${inputTokenName}</arg>
<doc>Click the element identified by ``locator``.</doc>
<msg timestamp="20220923 07:22:29.664" level="INFO">Clicking element '//input[@name='token_name']'.</msg>
<status status="PASS" starttime="20220923 07:22:29.664" endtime="20220923 07:22:29.684"/>
</kw>
<kw name="Clear Input Field">
<arg>${inputTokenName}</arg>
<kw name="Press Keys" library="SeleniumLibrary">
<arg>${inputField}</arg>
<arg>CTRL+a+BACKSPACE</arg>
<doc>Simulates the user pressing key(s) to an element or on the active browser.</doc>
<msg timestamp="20220923 07:22:29.685" level="INFO">Sending key(s) ('CTRL+a+BACKSPACE',) to ["//input[@name='token_name']"] element.</msg>
<msg timestamp="20220923 07:22:29.952" level="INFO">Pressing special key CONTROL down.</msg>
<msg timestamp="20220923 07:22:29.952" level="INFO">Sending key a</msg>
<msg timestamp="20220923 07:22:29.952" level="INFO">Pressing special key BACKSPACE down.</msg>
<msg timestamp="20220923 07:22:29.952" level="INFO">Releasing special key CONTROL.</msg>
<msg timestamp="20220923 07:22:29.952" level="INFO">Releasing special key BACKSPACE.</msg>
<status status="PASS" starttime="20220923 07:22:29.685" endtime="20220923 07:22:29.977"/>
</kw>
<status status="PASS" starttime="20220923 07:22:29.684" endtime="20220923 07:22:29.977"/>
</kw>
<status status="PASS" starttime="20220923 07:22:28.436" endtime="20220923 07:22:29.978"/>
</test>
<test id="s1-t7" name="Check Verified Input Field" line="151">
<kw name="Click Element" library="SeleniumLibrary">
<arg>${inputTokenName}</arg>
<doc>Click the element identified by ``locator``.</doc>
<msg timestamp="20220923 07:22:29.979" level="INFO">Clicking element '//input[@name='token_name']'.</msg>
<status status="PASS" starttime="20220923 07:22:29.979" endtime="20220923 07:22:30.003"/>
</kw>
<kw name="Input Text" library="SeleniumLibrary">
<arg>${inputTokenName}</arg>
<arg>Test_Token_1</arg>
<doc>Types the given ``text`` into the text field identified by ``locator``.</doc>
<msg timestamp="20220923 07:22:30.004" level="INFO">Typing text 'Test_Token_1' into text field '//input[@name='token_name']'.</msg>
<status status="PASS" starttime="20220923 07:22:30.003" endtime="20220923 07:22:30.102"/>
</kw>
<kw name="Get Value" library="SeleniumLibrary">
<var>${getTokenName}</var>
<arg>${inputTokenName}</arg>
<doc>Returns the value attribute of the element identified by ``locator``.</doc>
<msg timestamp="20220923 07:22:30.118" level="INFO">${getTokenName} = Test_Token_1</msg>
<status status="PASS" starttime="20220923 07:22:30.103" endtime="20220923 07:22:30.118"/>
</kw>
<kw name="Element Should Be Enabled" library="SeleniumLibrary">
<arg>${createButtonStats}</arg>
<doc>Verifies that element identified by ``locator`` is enabled.</doc>
<status status="PASS" starttime="20220923 07:22:30.118" endtime="20220923 07:22:30.136"/>
</kw>
<kw name="Wait Until Element Is Enabled" library="SeleniumLibrary">
<arg>${createButtonStats}</arg>
<arg>60</arg>
<doc>Waits until the element ``locator`` is enabled.</doc>
<status status="PASS" starttime="20220923 07:22:30.137" endtime="20220923 07:22:30.154"/>
</kw>
<kw name="Click Element" library="SeleniumLibrary">
<arg>${createButtonStats}</arg>
<doc>Click the element identified by ``locator``.</doc>
<msg timestamp="20220923 07:22:30.154" level="INFO">Clicking element '//button[@class='dc-btn dc-btn__effect dc-btn--primary dc-btn__large dc-btn__button-group da-api-token__button']'.</msg>
<status status="PASS" starttime="20220923 07:22:30.154" endtime="20220923 07:22:30.211"/>
</kw>
<kw name="Wait Until Page Contains Element" library="SeleniumLibrary">
<arg>${checkTableStats}</arg>
<arg>60</arg>
<doc>Waits until the element ``locator`` appears on the current page.</doc>
<status status="PASS" starttime="20220923 07:22:30.211" endtime="20220923 07:22:30.220"/>
</kw>
<kw name="Wait Until Element Is Visible" library="SeleniumLibrary">
<arg>${checkTableStats}</arg>
<arg>60</arg>
<doc>Waits until the element ``locator`` is visible.</doc>
<status status="PASS" starttime="20220923 07:22:30.220" endtime="20220923 07:22:30.239"/>
</kw>
<kw name="Wait Until Page Contains Element" library="SeleniumLibrary">
<arg>${tokenName}</arg>
<arg>60</arg>
<doc>Waits until the element ``locator`` appears on the current page.</doc>
<status status="PASS" starttime="20220923 07:22:30.239" endtime="20220923 07:22:30.665"/>
</kw>
<kw name="Wait Until Element Is Visible" library="SeleniumLibrary">
<arg>${tokenName}</arg>
<arg>60</arg>
<doc>Waits until the element ``locator`` is visible.</doc>
<status status="PASS" starttime="20220923 07:22:30.665" endtime="20220923 07:22:30.685"/>
</kw>
<kw name="Get Text" library="SeleniumLibrary">
<var>${verifyTokenName}</var>
<arg>${tokenName}</arg>
<doc>Returns the text value of the element identified by ``locator``.</doc>
<msg timestamp="20220923 07:22:30.715" level="INFO">${verifyTokenName} = Test_Token_1</msg>
<status status="PASS" starttime="20220923 07:22:30.686" endtime="20220923 07:22:30.715"/>
</kw>
<kw name="Should Be Equal" library="BuiltIn">
<arg>${verifyTokenName}</arg>
<arg>${getTokenName}</arg>
<doc>Fails if the given objects are unequal.</doc>
<status status="PASS" starttime="20220923 07:22:30.716" endtime="20220923 07:22:30.716"/>
</kw>
<status status="PASS" starttime="20220923 07:22:29.978" endtime="20220923 07:22:30.716"/>
</test>
<test id="s1-t8" name="Copy Token" line="165">
<kw name="Wait Until Element Is Visible" library="SeleniumLibrary">
<arg>${copyIcon}</arg>
<arg>60</arg>
<doc>Waits until the element ``locator`` is visible.</doc>
<status status="PASS" starttime="20220923 07:22:30.717" endtime="20220923 07:22:30.737"/>
</kw>
<kw name="Wait Until Element Is Enabled" library="SeleniumLibrary">
<arg>${copyIcon}</arg>
<arg>60</arg>
<doc>Waits until the element ``locator`` is enabled.</doc>
<status status="PASS" starttime="20220923 07:22:30.737" endtime="20220923 07:22:30.759"/>
</kw>
<kw name="Click Element" library="SeleniumLibrary">
<arg>${copyIcon}</arg>
<doc>Click the element identified by ``locator``.</doc>
<msg timestamp="20220923 07:22:30.760" level="INFO">Clicking element '//*[@class='dc-icon dc-clipboard']'.</msg>
<status status="PASS" starttime="20220923 07:22:30.760" endtime="20220923 07:22:30.812"/>
</kw>
<kw name="Wait Until Element Is Visible" library="SeleniumLibrary">
<arg>${adminPrompt}</arg>
<arg>60</arg>
<doc>Waits until the element ``locator`` is visible.</doc>
<status status="PASS" starttime="20220923 07:22:30.812" endtime="20220923 07:22:31.260"/>
</kw>
<kw name="Wait Until Page Contains Element" library="SeleniumLibrary">
<arg>${adminPrompt}</arg>
<arg>60</arg>
<doc>Waits until the element ``locator`` appears on the current page.</doc>
<status status="PASS" starttime="20220923 07:22:31.260" endtime="20220923 07:22:31.278"/>
</kw>
<kw name="Click Button" library="SeleniumLibrary">
<arg>${closeAdminnPrompt}</arg>
<doc>Clicks the button identified by ``locator``.</doc>
<msg timestamp="20220923 07:22:31.279" level="INFO">Clicking button '//button[@class='dc-btn dc-btn__effect dc-btn--primary dc-btn__large dc-dialog__button']'.</msg>
<status status="PASS" starttime="20220923 07:22:31.278" endtime="20220923 07:22:31.362"/>
</kw>
<kw name="Page Should Contain Element" library="SeleniumLibrary">
<arg>${tokenCopied}</arg>
<doc>Verifies that element ``locator`` is found on the current page.</doc>
<msg timestamp="20220923 07:22:31.378" level="INFO">Current page contains element '//div[@class='dc-clipboard__popover dc-popover__bubble']'.</msg>
<status status="PASS" starttime="20220923 07:22:31.362" endtime="20220923 07:22:31.378"/>
</kw>
<status status="PASS" starttime="20220923 07:22:30.717" endtime="20220923 07:22:31.378"/>
</test>
<test id="s1-t9" name="Unmasked Token" line="174">
<kw name="Wait Until Element Is Not Visible" library="SeleniumLibrary">
<arg>${tokenCopied}</arg>
<arg>60</arg>
<doc>Waits until the element ``locator`` is not visible.</doc>
<status status="PASS" starttime="20220923 07:22:31.380" endtime="20220923 07:22:33.639"/>
</kw>
<kw name="Wait Until Page Contains Element" library="SeleniumLibrary">
<arg>${maskedToken}</arg>
<doc>Waits until the element ``locator`` appears on the current page.</doc>
<status status="PASS" starttime="20220923 07:22:33.639" endtime="20220923 07:22:33.661"/>
</kw>
<kw name="Wait Until Element Is Enabled" library="SeleniumLibrary">
<arg>${maskedIcon}</arg>
<doc>Waits until the element ``locator`` is enabled.</doc>
<status status="PASS" starttime="20220923 07:22:33.661" endtime="20220923 07:22:33.683"/>
</kw>
<kw name="Click Element" library="SeleniumLibrary">
<arg>${maskedIcon}</arg>
<doc>Click the element identified by ``locator``.</doc>
<msg timestamp="20220923 07:22:33.684" level="INFO">Clicking element '//*[@class='dc-icon da-api-token__visibility-icon']'.</msg>
<status status="PASS" starttime="20220923 07:22:33.683" endtime="20220923 07:22:33.725"/>
</kw>
<kw name="Page Should Contain Element" library="SeleniumLibrary">
<arg>${unmaskedToken}</arg>
<doc>Verifies that element ``locator`` is found on the current page.</doc>
<msg timestamp="20220923 07:22:33.739" level="INFO">Current page contains element '//div[@class='da-api-token__clipboard-wrapper']'.</msg>
<status status="PASS" starttime="20220923 07:22:33.725" endtime="20220923 07:22:33.739"/>
</kw>
<kw name="Wait Until Page Contains Element" library="SeleniumLibrary">
<arg>${unmaskedToken}</arg>
<arg>60</arg>
<doc>Waits until the element ``locator`` appears on the current page.</doc>
<status status="PASS" starttime="20220923 07:22:33.739" endtime="20220923 07:22:33.745"/>
</kw>
<kw name="Wait Until Element Is Visible" library="SeleniumLibrary">
<arg>${unmaskedToken}</arg>
<arg>60</arg>
<doc>Waits until the element ``locator`` is visible.</doc>
<status status="PASS" starttime="20220923 07:22:33.745" endtime="20220923 07:22:33.761"/>
</kw>
<kw name="Get Text" library="SeleniumLibrary">
<var>${verifyTokenLength}</var>
<arg>${tokenLength}</arg>
<doc>Returns the text value of the element identified by ``locator``.</doc>
<msg timestamp="20220923 07:22:33.791" level="INFO">${verifyTokenLength} = bvoFj2ikdtBf9tT</msg>
<status status="PASS" starttime="20220923 07:22:33.761" endtime="20220923 07:22:33.791"/>
</kw>
<kw name="Length Should Be" library="BuiltIn">
<arg>${verifyTokenLength}</arg>
<arg>15</arg>
<doc>Verifies that the length of the given item is correct.</doc>
<msg timestamp="20220923 07:22:33.792" level="INFO">Length is 15</msg>
<status status="PASS" starttime="20220923 07:22:33.792" endtime="20220923 07:22:33.792"/>
</kw>
<kw name="Sleep" library="BuiltIn">
<arg>1</arg>
<doc>Pauses the test executed for the given time.</doc>
<msg timestamp="20220923 07:22:34.793" level="INFO">Slept 1 second</msg>
<status status="PASS" starttime="20220923 07:22:33.792" endtime="20220923 07:22:34.793"/>
</kw>
<kw name="Click Element" library="SeleniumLibrary">
<arg>${maskedIcon}</arg>
<doc>Click the element identified by ``locator``.</doc>
<msg timestamp="20220923 07:22:34.794" level="INFO">Clicking element '//*[@class='dc-icon da-api-token__visibility-icon']'.</msg>
<status status="PASS" starttime="20220923 07:22:34.793" endtime="20220923 07:22:34.843"/>
</kw>
<status status="PASS" starttime="20220923 07:22:31.379" endtime="20220923 07:22:34.843"/>
</test>
<test id="s1-t10" name="Delete Token" line="187">
<kw name="Wait Until Element Is Not Visible" library="SeleniumLibrary">
<arg>${hideTokenWidget}</arg>
<doc>Waits until the element ``locator`` is not visible.</doc>
<status status="PASS" starttime="20220923 07:22:34.844" endtime="20220923 07:22:34.860"/>
</kw>
<kw name="Page Should Contain Element" library="SeleniumLibrary">
<arg>${deleteButton}</arg>
<doc>Verifies that element ``locator`` is found on the current page.</doc>
<msg timestamp="20220923 07:22:34.870" level="INFO">Current page contains element '//*[@class='dc-icon dc-clipboard da-api-token__delete-icon']'.</msg>
<status status="PASS" starttime="20220923 07:22:34.861" endtime="20220923 07:22:34.870"/>
</kw>
<kw name="Click Element" library="SeleniumLibrary">
<arg>${deleteButton}</arg>
<doc>Click the element identified by ``locator``.</doc>
<msg timestamp="20220923 07:22:34.870" level="INFO">Clicking element '//*[@class='dc-icon dc-clipboard da-api-token__delete-icon']'.</msg>
<status status="PASS" starttime="20220923 07:22:34.870" endtime="20220923 07:22:34.917"/>
</kw>
<kw name="Wait Until Page Contains Element" library="SeleniumLibrary">
<arg>${deletePrompt}</arg>
<arg>60</arg>
<doc>Waits until the element ``locator`` appears on the current page.</doc>
<status status="PASS" starttime="20220923 07:22:34.917" endtime="20220923 07:22:35.354"/>
</kw>
<kw name="Wait Until Element Is Visible" library="SeleniumLibrary">
<arg>${deletePrompt}</arg>
<arg>60</arg>
<doc>Waits until the element ``locator`` is visible.</doc>
<status status="PASS" starttime="20220923 07:22:35.354" endtime="20220923 07:22:35.373"/>
</kw>
<kw name="Click Element" library="SeleniumLibrary">
<arg>${cancelButton}</arg>
<doc>Click the element identified by ``locator``.</doc>
<msg timestamp="20220923 07:22:35.373" level="INFO">Clicking element '//button[@class='dc-btn dc-btn__effect dc-btn--secondary dc-btn__large dc-dialog__button']'.</msg>
<status status="PASS" starttime="20220923 07:22:35.373" endtime="20220923 07:22:35.415"/>
</kw>
<kw name="Wait Until Element Is Visible" library="SeleniumLibrary">
<arg>${deleteButton}</arg>
<doc>Waits until the element ``locator`` is visible.</doc>
<status status="PASS" starttime="20220923 07:22:35.416" endtime="20220923 07:22:35.430"/>
</kw>
<kw name="Click Element" library="SeleniumLibrary">
<arg>${deleteButton}</arg>
<doc>Click the element identified by ``locator``.</doc>
<msg timestamp="20220923 07:22:35.430" level="INFO">Clicking element '//*[@class='dc-icon dc-clipboard da-api-token__delete-icon']'.</msg>
<status status="PASS" starttime="20220923 07:22:35.430" endtime="20220923 07:22:35.712"/>
</kw>
<kw name="Wait Until Page Contains Element" library="SeleniumLibrary">
<arg>${deletePrompt}</arg>
<arg>60</arg>
<doc>Waits until the element ``locator`` appears on the current page.</doc>
<status status="PASS" starttime="20220923 07:22:35.712" endtime="20220923 07:22:36.137"/>
</kw>
<kw name="Wait Until Element Is Visible" library="SeleniumLibrary">
<arg>${deletePrompt}</arg>
<arg>60</arg>
<doc>Waits until the element ``locator`` is visible.</doc>
<status status="PASS" starttime="20220923 07:22:36.137" endtime="20220923 07:22:36.151"/>
</kw>
<kw name="Click Element" library="SeleniumLibrary">
<arg>${yesDeleteButton}</arg>
<doc>Click the element identified by ``locator``.</doc>
<msg timestamp="20220923 07:22:36.152" level="INFO">Clicking element '//button[@class='dc-btn dc-btn__effect dc-btn--primary dc-btn__large dc-dialog__button']'.</msg>
<status status="PASS" starttime="20220923 07:22:36.152" endtime="20220923 07:22:36.193"/>
</kw>
<status status="PASS" starttime="20220923 07:22:34.844" endtime="20220923 07:22:36.193"/>
</test>
<test id="s1-t11" name="Validate Token Has Been Deleted" line="200">
<kw name="Wait Until Element Is Not Visible" library="SeleniumLibrary">
<arg>${tableRow}</arg>
<arg>60</arg>
<doc>Waits until the element ``locator`` is not visible.</doc>
<status status="PASS" starttime="20220923 07:22:36.194" endtime="20220923 07:22:36.635"/>
</kw>
<kw name="Element Should Not Be Visible" library="SeleniumLibrary">
<arg>${tableRow}</arg>
<doc>Verifies that the element identified by ``locator`` is NOT visible.</doc>
<msg timestamp="20220923 07:22:36.640" level="INFO">Element '//tr[@class='da-api-token__table-cell-row']' did not exist.</msg>
<status status="PASS" starttime="20220923 07:22:36.636" endtime="20220923 07:22:36.640"/>
</kw>
<status status="PASS" starttime="20220923 07:22:36.193" endtime="20220923 07:22:36.640"/>
</test>
<status status="PASS" starttime="20220923 07:22:13.107" endtime="20220923 07:22:36.641"/>
</suite>
<statistics>
<total>
<stat pass="11" fail="0" skip="0">All Tests</stat>
</total>
<tag>
</tag>
<suite>
<stat pass="11" fail="0" skip="0" id="s1" name="Firstproject">Firstproject</stat>
</suite>
</statistics>
<errors>
</errors>
</robot>
